2024-05-21 09:08:34 LogWapper init() ./logs/Bot.log
2024-05-21 09:08:37 Bot started with
{'AUD_USD': {'pair': 'AUD_USD', 'units': 1000, 'short_ma': 4, 'long_ma': 16},
 'EUR_CHF': {'pair': 'EUR_CHF', 'units': 1000, 'short_ma': 4, 'long_ma': 16},
 'EUR_GBP': {'pair': 'EUR_GBP', 'units': 1000, 'short_ma': 4, 'long_ma': 16},
 'EUR_USD': {'pair': 'EUR_USD', 'units': 1000, 'short_ma': 4, 'long_ma': 16},
 'GBP_JPY': {'pair': 'GBP_JPY', 'units': 1000, 'short_ma': 4, 'long_ma': 16},
 'GBP_USD': {'pair': 'GBP_USD', 'units': 1000, 'short_ma': 4, 'long_ma': 16}}
2024-05-21 09:08:37 Bot Timings
{'AUD_USD': {'last_candle': Timestamp('2024-05-21 04:07:00+0000', tz='tzutc()'), 'ready': False},
 'EUR_CHF': {'last_candle': Timestamp('2024-05-21 04:07:00+0000', tz='tzutc()'), 'ready': False},
 'EUR_GBP': {'last_candle': Timestamp('2024-05-21 04:07:00+0000', tz='tzutc()'), 'ready': False},
 'EUR_USD': {'last_candle': Timestamp('2024-05-21 04:07:00+0000', tz='tzutc()'), 'ready': False},
 'GBP_JPY': {'last_candle': Timestamp('2024-05-21 04:07:00+0000', tz='tzutc()'), 'ready': False},
 'GBP_USD': {'last_candle': Timestamp('2024-05-21 04:07:00+0000', tz='tzutc()'), 'ready': False}}
2024-05-21 09:09:01 EUR_USD new candle 2024-05-21 04:08:00+00:00
2024-05-21 09:09:01 GBP_JPY new candle 2024-05-21 04:08:00+00:00
2024-05-21 09:09:02 GBP_USD new candle 2024-05-21 04:08:00+00:00
2024-05-21 09:09:02 EUR_CHF new candle 2024-05-21 04:08:00+00:00
2024-05-21 09:09:03 Ready to trade EUR_USD
2024-05-21 09:09:03 Ready to trade GBP_JPY
2024-05-21 09:09:03 Ready to trade GBP_USD
2024-05-21 09:09:04 Ready to trade EUR_CHF
2024-05-21 09:09:16 AUD_USD new candle 2024-05-21 04:08:00+00:00
2024-05-21 09:09:17 Ready to trade AUD_USD
2024-05-21 09:10:03 GBP_JPY new candle 2024-05-21 04:09:00+00:00
2024-05-21 09:10:03 AUD_USD new candle 2024-05-21 04:09:00+00:00
2024-05-21 09:10:04 EUR_CHF new candle 2024-05-21 04:09:00+00:00
2024-05-21 09:10:04 Ready to trade GBP_JPY
2024-05-21 09:10:05 Ready to trade AUD_USD
2024-05-21 09:10:05 Ready to trade EUR_CHF
2024-05-21 09:10:16 EUR_USD new candle 2024-05-21 04:09:00+00:00
2024-05-21 09:10:17 GBP_USD new candle 2024-05-21 04:09:00+00:00
2024-05-21 09:10:17 EUR_GBP new candle 2024-05-21 04:09:00+00:00
2024-05-21 09:10:17 Ready to trade EUR_USD
2024-05-21 09:10:18 Ready to trade GBP_USD
2024-05-21 09:10:18 Ready to trade EUR_GBP
2024-05-21 09:11:06 EUR_USD new candle 2024-05-21 04:10:00+00:00
2024-05-21 09:11:06 GBP_JPY new candle 2024-05-21 04:10:00+00:00
2024-05-21 09:11:06 AUD_USD new candle 2024-05-21 04:10:00+00:00
2024-05-21 09:11:07 GBP_USD new candle 2024-05-21 04:10:00+00:00
2024-05-21 09:11:07 EUR_CHF new candle 2024-05-21 04:10:00+00:00
2024-05-21 09:11:07 EUR_GBP new candle 2024-05-21 04:10:00+00:00
2024-05-21 09:11:07 Ready to trade EUR_USD
2024-05-21 09:11:08 Ready to trade GBP_JPY
2024-05-21 09:11:08 Ready to trade AUD_USD
2024-05-21 09:11:08 Ready to trade GBP_USD
2024-05-21 09:11:09 Ready to trade EUR_CHF
2024-05-21 09:11:09 Ready to trade EUR_GBP
2024-05-21 09:12:07 EUR_USD new candle 2024-05-21 04:11:00+00:00
2024-05-21 09:12:07 GBP_JPY new candle 2024-05-21 04:11:00+00:00
2024-05-21 09:12:08 AUD_USD new candle 2024-05-21 04:11:00+00:00
2024-05-21 09:12:08 GBP_USD new candle 2024-05-21 04:11:00+00:00
2024-05-21 09:12:08 EUR_CHF new candle 2024-05-21 04:11:00+00:00
2024-05-21 09:12:09 Ready to trade EUR_USD
2024-05-21 09:12:09 Ready to trade GBP_JPY
2024-05-21 09:12:09 Ready to trade AUD_USD
2024-05-21 09:12:10 Ready to trade GBP_USD
2024-05-21 09:12:10 Ready to trade EUR_CHF
2024-05-21 09:13:10 EUR_USD new candle 2024-05-21 04:12:00+00:00
2024-05-21 09:13:10 GBP_JPY new candle 2024-05-21 04:12:00+00:00
2024-05-21 09:13:10 AUD_USD new candle 2024-05-21 04:12:00+00:00
2024-05-21 09:13:11 GBP_USD new candle 2024-05-21 04:12:00+00:00
2024-05-21 09:13:11 EUR_CHF new candle 2024-05-21 04:12:00+00:00
2024-05-21 09:13:11 Ready to trade EUR_USD
2024-05-21 09:13:11 Ready to trade GBP_JPY
2024-05-21 09:13:12 Ready to trade AUD_USD
2024-05-21 09:13:12 Ready to trade GBP_USD
2024-05-21 09:13:13 Ready to trade EUR_CHF
2024-05-21 09:14:01 GBP_JPY new candle 2024-05-21 04:13:00+00:00
2024-05-21 09:14:03 Ready to trade GBP_JPY
2024-05-21 09:14:13 EUR_USD new candle 2024-05-21 04:13:00+00:00
2024-05-21 09:14:14 AUD_USD new candle 2024-05-21 04:13:00+00:00
2024-05-21 09:14:14 GBP_USD new candle 2024-05-21 04:13:00+00:00
2024-05-21 09:14:15 EUR_CHF new candle 2024-05-21 04:13:00+00:00
2024-05-21 09:14:15 Ready to trade EUR_USD
2024-05-21 09:14:15 Ready to trade AUD_USD
2024-05-21 09:14:16 Ready to trade GBP_USD
2024-05-21 09:14:16 Ready to trade EUR_CHF
2024-05-21 09:15:03 GBP_JPY new candle 2024-05-21 04:14:00+00:00
2024-05-21 09:15:04 Ready to trade GBP_JPY
2024-05-21 09:15:15 EUR_USD new candle 2024-05-21 04:14:00+00:00
2024-05-21 09:15:16 AUD_USD new candle 2024-05-21 04:14:00+00:00
2024-05-21 09:15:16 GBP_USD new candle 2024-05-21 04:14:00+00:00
2024-05-21 09:15:16 EUR_CHF new candle 2024-05-21 04:14:00+00:00
2024-05-21 09:15:16 EUR_GBP new candle 2024-05-21 04:14:00+00:00
2024-05-21 09:15:16 Ready to trade EUR_USD
2024-05-21 09:15:17 Ready to trade AUD_USD
2024-05-21 09:15:17 Ready to trade GBP_USD
2024-05-21 09:15:18 Ready to trade EUR_CHF
2024-05-21 09:15:18 Ready to trade EUR_GBP
2024-05-21 09:16:05 GBP_JPY new candle 2024-05-21 04:15:00+00:00
2024-05-21 09:16:05 AUD_USD new candle 2024-05-21 04:15:00+00:00
2024-05-21 09:16:06 GBP_USD new candle 2024-05-21 04:15:00+00:00
2024-05-21 09:16:06 EUR_CHF new candle 2024-05-21 04:15:00+00:00
2024-05-21 09:16:06 EUR_GBP new candle 2024-05-21 04:15:00+00:00
2024-05-21 09:16:06 Ready to trade GBP_JPY
2024-05-21 09:16:07 Ready to trade AUD_USD
2024-05-21 09:16:07 Ready to trade GBP_USD
2024-05-21 09:16:08 Ready to trade EUR_CHF
2024-05-21 09:16:08 Ready to trade EUR_GBP
2024-05-21 09:16:19 EUR_USD new candle 2024-05-21 04:15:00+00:00
2024-05-21 09:16:20 Ready to trade EUR_USD
2024-05-21 09:17:08 GBP_JPY new candle 2024-05-21 04:16:00+00:00
2024-05-21 09:17:08 AUD_USD new candle 2024-05-21 04:16:00+00:00
2024-05-21 09:17:08 GBP_USD new candle 2024-05-21 04:16:00+00:00
2024-05-21 09:17:09 EUR_CHF new candle 2024-05-21 04:16:00+00:00
2024-05-21 09:17:09 EUR_GBP new candle 2024-05-21 04:16:00+00:00
2024-05-21 09:17:09 Ready to trade GBP_JPY
2024-05-21 09:17:09 Ready to trade AUD_USD
2024-05-21 09:17:10 Ready to trade GBP_USD
2024-05-21 09:17:10 Ready to trade EUR_CHF
2024-05-21 09:17:11 Ready to trade EUR_GBP
2024-05-21 09:18:09 EUR_USD new candle 2024-05-21 04:17:00+00:00
2024-05-21 09:18:10 GBP_JPY new candle 2024-05-21 04:17:00+00:00
2024-05-21 09:18:10 AUD_USD new candle 2024-05-21 04:17:00+00:00
2024-05-21 09:18:10 GBP_USD new candle 2024-05-21 04:17:00+00:00
2024-05-21 09:18:11 EUR_CHF new candle 2024-05-21 04:17:00+00:00
2024-05-21 09:18:11 EUR_GBP new candle 2024-05-21 04:17:00+00:00
2024-05-21 09:18:11 Ready to trade EUR_USD
2024-05-21 09:18:11 Ready to trade GBP_JPY
2024-05-21 09:18:12 Ready to trade AUD_USD
2024-05-21 09:18:12 Ready to trade GBP_USD
2024-05-21 09:18:12 Ready to trade EUR_CHF
2024-05-21 09:18:13 Ready to trade EUR_GBP
2024-05-21 09:19:11 EUR_USD new candle 2024-05-21 04:18:00+00:00
2024-05-21 09:19:11 GBP_JPY new candle 2024-05-21 04:18:00+00:00
2024-05-21 09:19:12 AUD_USD new candle 2024-05-21 04:18:00+00:00
2024-05-21 09:19:12 GBP_USD new candle 2024-05-21 04:18:00+00:00
2024-05-21 09:19:12 EUR_CHF new candle 2024-05-21 04:18:00+00:00
2024-05-21 09:19:13 EUR_GBP new candle 2024-05-21 04:18:00+00:00
2024-05-21 09:19:13 Ready to trade EUR_USD
2024-05-21 09:19:13 Ready to trade GBP_JPY
2024-05-21 09:19:13 Ready to trade AUD_USD
2024-05-21 09:19:14 Ready to trade GBP_USD
2024-05-21 09:19:14 Ready to trade EUR_CHF
2024-05-21 09:19:14 Ready to trade EUR_GBP
2024-05-21 09:20:01 GBP_JPY new candle 2024-05-21 04:19:00+00:00
2024-05-21 09:20:02 AUD_USD new candle 2024-05-21 04:19:00+00:00
2024-05-21 09:20:02 GBP_USD new candle 2024-05-21 04:19:00+00:00
2024-05-21 09:20:03 Ready to trade GBP_JPY
2024-05-21 09:20:03 Ready to trade AUD_USD
2024-05-21 09:20:03 Ready to trade GBP_USD
2024-05-21 09:20:15 EUR_USD new candle 2024-05-21 04:19:00+00:00
2024-05-21 09:20:16 EUR_CHF new candle 2024-05-21 04:19:00+00:00
2024-05-21 09:20:16 EUR_GBP new candle 2024-05-21 04:19:00+00:00
2024-05-21 09:20:16 Ready to trade EUR_USD
2024-05-21 09:20:17 Ready to trade EUR_CHF
2024-05-21 09:20:17 Ready to trade EUR_GBP
2024-05-21 09:21:05 EUR_USD new candle 2024-05-21 04:20:00+00:00
2024-05-21 09:21:05 GBP_JPY new candle 2024-05-21 04:20:00+00:00
2024-05-21 09:21:05 AUD_USD new candle 2024-05-21 04:20:00+00:00
2024-05-21 09:21:06 GBP_USD new candle 2024-05-21 04:20:00+00:00
2024-05-21 09:21:06 EUR_CHF new candle 2024-05-21 04:20:00+00:00
2024-05-21 09:21:06 EUR_GBP new candle 2024-05-21 04:20:00+00:00
2024-05-21 09:21:06 Ready to trade EUR_USD
2024-05-21 09:21:07 Ready to trade GBP_JPY
2024-05-21 09:21:07 Ready to trade AUD_USD
2024-05-21 09:21:07 Ready to trade GBP_USD
2024-05-21 09:21:08 Ready to trade EUR_CHF
2024-05-21 09:21:08 Ready to trade EUR_GBP
2024-05-21 09:22:07 EUR_USD new candle 2024-05-21 04:21:00+00:00
2024-05-21 09:22:08 GBP_JPY new candle 2024-05-21 04:21:00+00:00
2024-05-21 09:22:08 AUD_USD new candle 2024-05-21 04:21:00+00:00
2024-05-21 09:22:08 GBP_USD new candle 2024-05-21 04:21:00+00:00
2024-05-21 09:22:08 EUR_CHF new candle 2024-05-21 04:21:00+00:00
2024-05-21 09:22:09 Ready to trade EUR_USD
2024-05-21 09:22:09 Ready to trade GBP_JPY
2024-05-21 09:22:10 Ready to trade AUD_USD
2024-05-21 09:22:10 Ready to trade GBP_USD
2024-05-21 09:22:10 Ready to trade EUR_CHF
2024-05-21 09:23:09 EUR_USD new candle 2024-05-21 04:22:00+00:00
2024-05-21 09:23:09 GBP_JPY new candle 2024-05-21 04:22:00+00:00
2024-05-21 09:23:10 AUD_USD new candle 2024-05-21 04:22:00+00:00
2024-05-21 09:23:10 GBP_USD new candle 2024-05-21 04:22:00+00:00
2024-05-21 09:23:10 EUR_CHF new candle 2024-05-21 04:22:00+00:00
2024-05-21 09:23:11 EUR_GBP new candle 2024-05-21 04:22:00+00:00
2024-05-21 09:23:11 Ready to trade EUR_USD
2024-05-21 09:23:11 Ready to trade GBP_JPY
2024-05-21 09:23:11 Ready to trade AUD_USD
2024-05-21 09:23:12 Ready to trade GBP_USD
2024-05-21 09:23:12 Ready to trade EUR_CHF
2024-05-21 09:23:13 Ready to trade EUR_GBP
2024-05-21 09:24:11 EUR_USD new candle 2024-05-21 04:23:00+00:00
2024-05-21 09:24:11 GBP_JPY new candle 2024-05-21 04:23:00+00:00
2024-05-21 09:24:12 AUD_USD new candle 2024-05-21 04:23:00+00:00
2024-05-21 09:24:12 GBP_USD new candle 2024-05-21 04:23:00+00:00
2024-05-21 09:24:12 EUR_CHF new candle 2024-05-21 04:23:00+00:00
2024-05-21 09:24:13 EUR_GBP new candle 2024-05-21 04:23:00+00:00
2024-05-21 09:24:13 Ready to trade EUR_USD
2024-05-21 09:24:13 Ready to trade GBP_JPY
2024-05-21 09:24:13 Ready to trade AUD_USD
2024-05-21 09:24:14 Ready to trade GBP_USD
2024-05-21 09:24:14 Ready to trade EUR_CHF
2024-05-21 09:24:14 Ready to trade EUR_GBP
2024-05-21 09:25:02 EUR_USD new candle 2024-05-21 04:24:00+00:00
2024-05-21 09:25:02 GBP_JPY new candle 2024-05-21 04:24:00+00:00
2024-05-21 09:25:03 GBP_USD new candle 2024-05-21 04:24:00+00:00
2024-05-21 09:25:04 Ready to trade EUR_USD
2024-05-21 09:25:04 Ready to trade GBP_JPY
2024-05-21 09:25:04 Ready to trade GBP_USD
2024-05-21 09:25:16 EUR_CHF new candle 2024-05-21 04:24:00+00:00
2024-05-21 09:25:17 EUR_GBP new candle 2024-05-21 04:24:00+00:00
2024-05-21 09:25:17 Ready to trade EUR_CHF
2024-05-21 09:25:17 Ready to trade EUR_GBP
2024-05-21 09:26:03 GBP_JPY new candle 2024-05-21 04:25:00+00:00
2024-05-21 09:26:04 GBP_USD new candle 2024-05-21 04:25:00+00:00
2024-05-21 09:26:04 EUR_CHF new candle 2024-05-21 04:25:00+00:00
2024-05-21 09:26:04 Ready to trade GBP_JPY
2024-05-21 09:26:05 Ready to trade GBP_USD
2024-05-21 09:26:05 Ready to trade EUR_CHF
2024-05-21 09:26:16 EUR_USD new candle 2024-05-21 04:25:00+00:00
2024-05-21 09:26:17 AUD_USD new candle 2024-05-21 04:25:00+00:00
2024-05-21 09:26:17 Ready to trade EUR_USD
2024-05-21 09:26:18 Ready to trade AUD_USD
2024-05-21 09:27:04 EUR_USD new candle 2024-05-21 04:26:00+00:00
2024-05-21 09:27:04 GBP_JPY new candle 2024-05-21 04:26:00+00:00
2024-05-21 09:27:05 GBP_USD new candle 2024-05-21 04:26:00+00:00
2024-05-21 09:27:05 EUR_CHF new candle 2024-05-21 04:26:00+00:00
2024-05-21 09:27:06 Ready to trade EUR_USD
2024-05-21 09:27:06 Ready to trade GBP_JPY
2024-05-21 09:27:06 Ready to trade GBP_USD
2024-05-21 09:27:07 Ready to trade EUR_CHF
2024-05-21 09:27:18 AUD_USD new candle 2024-05-21 04:26:00+00:00
2024-05-21 09:27:19 Ready to trade AUD_USD
2024-05-21 09:28:06 EUR_USD new candle 2024-05-21 04:27:00+00:00
2024-05-21 09:28:06 GBP_JPY new candle 2024-05-21 04:27:00+00:00
2024-05-21 09:28:06 AUD_USD new candle 2024-05-21 04:27:00+00:00
2024-05-21 09:28:07 GBP_USD new candle 2024-05-21 04:27:00+00:00
2024-05-21 09:28:07 EUR_CHF new candle 2024-05-21 04:27:00+00:00
2024-05-21 09:28:07 EUR_GBP new candle 2024-05-21 04:27:00+00:00
2024-05-21 09:28:07 Ready to trade EUR_USD
2024-05-21 09:28:07 Ready to trade GBP_JPY
2024-05-21 09:28:08 Ready to trade AUD_USD
2024-05-21 09:28:08 Ready to trade GBP_USD
2024-05-21 09:28:08 Ready to trade EUR_CHF
2024-05-21 09:28:09 Ready to trade EUR_GBP
2024-05-21 09:29:08 EUR_USD new candle 2024-05-21 04:28:00+00:00
2024-05-21 09:29:08 GBP_JPY new candle 2024-05-21 04:28:00+00:00
2024-05-21 09:29:09 AUD_USD new candle 2024-05-21 04:28:00+00:00
2024-05-21 09:29:09 GBP_USD new candle 2024-05-21 04:28:00+00:00
2024-05-21 09:29:09 EUR_CHF new candle 2024-05-21 04:28:00+00:00
2024-05-21 09:29:09 EUR_GBP new candle 2024-05-21 04:28:00+00:00
2024-05-21 09:29:09 Ready to trade EUR_USD
2024-05-21 09:29:10 Ready to trade GBP_JPY
2024-05-21 09:29:10 Ready to trade AUD_USD
2024-05-21 09:29:11 Ready to trade GBP_USD
2024-05-21 09:29:11 Ready to trade EUR_CHF
2024-05-21 09:29:12 Ready to trade EUR_GBP
2024-05-21 09:30:01 EUR_GBP new candle 2024-05-21 04:29:00+00:00
2024-05-21 09:30:01 Ready to trade EUR_GBP
2024-05-21 09:30:12 EUR_USD new candle 2024-05-21 04:29:00+00:00
2024-05-21 09:30:13 GBP_JPY new candle 2024-05-21 04:29:00+00:00
2024-05-21 09:30:13 AUD_USD new candle 2024-05-21 04:29:00+00:00
2024-05-21 09:30:13 GBP_USD new candle 2024-05-21 04:29:00+00:00
2024-05-21 09:30:14 EUR_CHF new candle 2024-05-21 04:29:00+00:00
2024-05-21 09:30:14 Ready to trade EUR_USD
2024-05-21 09:30:14 Ready to trade GBP_JPY
2024-05-21 09:30:15 Ready to trade AUD_USD
2024-05-21 09:30:15 Ready to trade GBP_USD
2024-05-21 09:30:15 Ready to trade EUR_CHF
2024-05-21 09:31:02 EUR_USD new candle 2024-05-21 04:30:00+00:00
2024-05-21 09:31:03 GBP_JPY new candle 2024-05-21 04:30:00+00:00
2024-05-21 09:31:03 AUD_USD new candle 2024-05-21 04:30:00+00:00
2024-05-21 09:31:03 GBP_USD new candle 2024-05-21 04:30:00+00:00
2024-05-21 09:31:04 EUR_CHF new candle 2024-05-21 04:30:00+00:00
2024-05-21 09:31:04 Ready to trade EUR_USD
2024-05-21 09:31:04 Ready to trade GBP_JPY
2024-05-21 09:31:05 Ready to trade AUD_USD
2024-05-21 09:31:05 Ready to trade GBP_USD
2024-05-21 09:31:05 Ready to trade EUR_CHF
2024-05-21 09:31:18 EUR_GBP new candle 2024-05-21 04:30:00+00:00
2024-05-21 09:31:18 Ready to trade EUR_GBP
2024-05-21 09:32:05 EUR_USD new candle 2024-05-21 04:31:00+00:00
2024-05-21 09:32:06 GBP_JPY new candle 2024-05-21 04:31:00+00:00
2024-05-21 09:32:06 AUD_USD new candle 2024-05-21 04:31:00+00:00
2024-05-21 09:32:07 GBP_USD new candle 2024-05-21 04:31:00+00:00
2024-05-21 09:32:07 EUR_CHF new candle 2024-05-21 04:31:00+00:00
2024-05-21 09:32:07 EUR_GBP new candle 2024-05-21 04:31:00+00:00
2024-05-21 09:32:07 Ready to trade EUR_USD
2024-05-21 09:32:08 Ready to trade GBP_JPY
2024-05-21 09:32:08 Ready to trade AUD_USD
2024-05-21 09:32:08 Ready to trade GBP_USD
2024-05-21 09:32:09 Ready to trade EUR_CHF
2024-05-21 09:32:09 Ready to trade EUR_GBP
2024-05-21 09:33:08 EUR_USD new candle 2024-05-21 04:32:00+00:00
2024-05-21 09:33:08 GBP_JPY new candle 2024-05-21 04:32:00+00:00
2024-05-21 09:33:08 AUD_USD new candle 2024-05-21 04:32:00+00:00
2024-05-21 09:33:09 GBP_USD new candle 2024-05-21 04:32:00+00:00
2024-05-21 09:33:09 EUR_CHF new candle 2024-05-21 04:32:00+00:00
2024-05-21 09:33:09 Ready to trade EUR_USD
2024-05-21 09:33:10 Ready to trade GBP_JPY
2024-05-21 09:33:10 Ready to trade AUD_USD
2024-05-21 09:33:10 Ready to trade GBP_USD
2024-05-21 09:33:10 Ready to trade EUR_CHF
2024-05-21 09:34:10 EUR_USD new candle 2024-05-21 04:33:00+00:00
2024-05-21 09:34:10 GBP_JPY new candle 2024-05-21 04:33:00+00:00
2024-05-21 09:34:10 AUD_USD new candle 2024-05-21 04:33:00+00:00
2024-05-21 09:34:11 GBP_USD new candle 2024-05-21 04:33:00+00:00
2024-05-21 09:34:11 EUR_CHF new candle 2024-05-21 04:33:00+00:00
2024-05-21 09:34:11 Ready to trade EUR_USD
2024-05-21 09:34:12 Ready to trade GBP_JPY
2024-05-21 09:34:12 Ready to trade AUD_USD
2024-05-21 09:34:12 Ready to trade GBP_USD
2024-05-21 09:34:13 Ready to trade EUR_CHF
