2024-05-21 09:08:34 LogWapper init() ./logs/Technicals.log
2024-05-21 09:09:03 
2024-05-21 09:09:03 get_trade_decision() pair:EUR_USD max_rows:18
2024-05-21 09:09:03 Processed_df
                        time  volume    mid_c   SPREAD     PAIR      MA_4     MA_16  PREV_SHORT  PREV_LONG    D_PREV     D_NOW
15 2024-05-21 04:07:00+00:00      12  1.08555  0.00016  EUR_USD  1.085585  1.085583    1.085597        NaN       NaN  0.000002
16 2024-05-21 04:08:00+00:00       1  1.08555  0.00014  EUR_USD  1.085573  1.085583    1.085585   1.085583  0.000002 -0.000011
2024-05-21 09:09:03 Trade_decision:-1
2024-05-21 09:09:03 
2024-05-21 09:09:03 
2024-05-21 09:09:03 get_trade_decision() pair:GBP_JPY max_rows:18
2024-05-21 09:09:03 Processed_df
                        time  volume    mid_c  SPREAD     PAIR     MA_4       MA_16  PREV_SHORT  PREV_LONG   D_PREV     D_NOW
15 2024-05-21 04:07:00+00:00      77  198.842   0.029  GBP_JPY  198.846  198.830250     198.846        NaN      NaN  0.015750
16 2024-05-21 04:08:00+00:00      54  198.842   0.029  GBP_JPY  198.843  198.831625     198.846  198.83025  0.01575  0.011375
2024-05-21 09:09:03 Trade_decision:0
2024-05-21 09:09:03 
2024-05-21 09:09:03 
2024-05-21 09:09:03 get_trade_decision() pair:GBP_USD max_rows:18
2024-05-21 09:09:04 Processed_df
                        time  volume    mid_c   SPREAD     PAIR     MA_4     MA_16  PREV_SHORT  PREV_LONG   D_PREV     D_NOW
15 2024-05-21 04:07:00+00:00      47  1.27061  0.00018  GBP_USD  1.27065  1.270620    1.270667        NaN      NaN  0.000030
16 2024-05-21 04:08:00+00:00      38  1.27058  0.00017  GBP_USD  1.27063  1.270621    1.270650    1.27062  0.00003  0.000009
2024-05-21 09:09:04 Trade_decision:0
2024-05-21 09:09:04 
2024-05-21 09:09:04 
2024-05-21 09:09:04 get_trade_decision() pair:EUR_CHF max_rows:18
2024-05-21 09:09:04 Processed_df
                        time  volume    mid_c   SPREAD     PAIR      MA_4     MA_16  PREV_SHORT  PREV_LONG    D_PREV     D_NOW
15 2024-05-21 04:07:00+00:00      20  0.98894  0.00017  EUR_CHF  0.988942  0.988970    0.988947        NaN       NaN -0.000028
16 2024-05-21 04:08:00+00:00       7  0.98892  0.00015  EUR_CHF  0.988935  0.988964    0.988942    0.98897 -0.000028 -0.000029
2024-05-21 09:09:04 Trade_decision:0
2024-05-21 09:09:04 
2024-05-21 09:09:17 
2024-05-21 09:09:17 get_trade_decision() pair:AUD_USD max_rows:18
2024-05-21 09:09:17 Processed_df
                        time  volume    mid_c   SPREAD     PAIR      MA_4     MA_16  PREV_SHORT  PREV_LONG    D_PREV     D_NOW
15 2024-05-21 04:07:00+00:00      18  0.66570  0.00012  AUD_USD  0.665735  0.665624    0.665755        NaN       NaN  0.000111
16 2024-05-21 04:08:00+00:00      13  0.66565  0.00012  AUD_USD  0.665707  0.665631    0.665735   0.665624  0.000111  0.000076
2024-05-21 09:09:17 Trade_decision:0
2024-05-21 09:09:17 
2024-05-21 09:10:04 
2024-05-21 09:10:04 get_trade_decision() pair:GBP_JPY max_rows:18
2024-05-21 09:10:05 Processed_df
                        time  volume    mid_c  SPREAD     PAIR     MA_4       MA_16  PREV_SHORT   PREV_LONG    D_PREV     D_NOW
15 2024-05-21 04:08:00+00:00      54  198.842   0.029  GBP_JPY  198.843  198.831625     198.846         NaN       NaN  0.011375
16 2024-05-21 04:09:00+00:00     100  198.862   0.030  GBP_JPY  198.846  198.834563     198.843  198.831625  0.011375  0.011437
2024-05-21 09:10:05 Trade_decision:0
2024-05-21 09:10:05 
2024-05-21 09:10:05 
2024-05-21 09:10:05 get_trade_decision() pair:AUD_USD max_rows:18
2024-05-21 09:10:05 Processed_df
                        time  volume    mid_c   SPREAD     PAIR      MA_4     MA_16  PREV_SHORT  PREV_LONG    D_PREV     D_NOW
15 2024-05-21 04:08:00+00:00      13  0.66565  0.00012  AUD_USD  0.665707  0.665631    0.665735        NaN       NaN  0.000076
16 2024-05-21 04:09:00+00:00      13  0.66574  0.00011  AUD_USD  0.665702  0.665649    0.665707   0.665631  0.000076  0.000053
2024-05-21 09:10:05 Trade_decision:0
2024-05-21 09:10:05 
2024-05-21 09:10:05 
2024-05-21 09:10:05 get_trade_decision() pair:EUR_CHF max_rows:18
2024-05-21 09:10:06 Processed_df
                        time  volume    mid_c   SPREAD     PAIR      MA_4     MA_16  PREV_SHORT  PREV_LONG    D_PREV     D_NOW
15 2024-05-21 04:08:00+00:00       7  0.98892  0.00015  EUR_CHF  0.988935  0.988964    0.988942        NaN       NaN -0.000029
16 2024-05-21 04:09:00+00:00      30  0.98892  0.00015  EUR_CHF  0.988930  0.988958    0.988935   0.988964 -0.000029 -0.000028
2024-05-21 09:10:06 Trade_decision:0
2024-05-21 09:10:06 
2024-05-21 09:10:17 
2024-05-21 09:10:17 get_trade_decision() pair:EUR_USD max_rows:18
2024-05-21 09:10:18 Processed_df
                        time  volume    mid_c   SPREAD     PAIR      MA_4     MA_16  PREV_SHORT  PREV_LONG    D_PREV     D_NOW
15 2024-05-21 04:08:00+00:00       1  1.08555  0.00014  EUR_USD  1.085573  1.085583    1.085585        NaN       NaN -0.000011
16 2024-05-21 04:09:00+00:00      31  1.08560  0.00015  EUR_USD  1.085573  1.085586    1.085573   1.085583 -0.000011 -0.000014
2024-05-21 09:10:18 Trade_decision:0
2024-05-21 09:10:18 
2024-05-21 09:10:18 
2024-05-21 09:10:18 get_trade_decision() pair:GBP_USD max_rows:18
2024-05-21 09:10:18 Processed_df
                        time  volume    mid_c   SPREAD     PAIR      MA_4     MA_16  PREV_SHORT  PREV_LONG    D_PREV     D_NOW
16 2024-05-21 04:08:00+00:00      38  1.27058  0.00017  GBP_USD  1.270630  1.270621     1.27065   1.270620  0.000030  0.000009
17 2024-05-21 04:09:00+00:00      59  1.27064  0.00017  GBP_USD  1.270625  1.270628     1.27063   1.270621  0.000009 -0.000002
2024-05-21 09:10:18 Trade_decision:-1
2024-05-21 09:10:18 
2024-05-21 09:10:18 
2024-05-21 09:10:18 get_trade_decision() pair:EUR_GBP max_rows:18
2024-05-21 09:10:19 Processed_df
                        time  volume    mid_c   SPREAD     PAIR      MA_4     MA_16  PREV_SHORT  PREV_LONG    D_PREV     D_NOW
16 2024-05-21 04:07:00+00:00      11  0.85436  0.00013  EUR_GBP  0.854360  0.854381     0.85436   0.854384 -0.000024 -0.000021
17 2024-05-21 04:09:00+00:00       7  0.85438  0.00013  EUR_GBP  0.854365  0.854380     0.85436   0.854381 -0.000021 -0.000015
2024-05-21 09:10:19 Trade_decision:0
2024-05-21 09:10:19 
2024-05-21 09:11:07 
2024-05-21 09:11:07 get_trade_decision() pair:EUR_USD max_rows:18
2024-05-21 09:11:08 Processed_df
                        time  volume   mid_c   SPREAD     PAIR      MA_4     MA_16  PREV_SHORT  PREV_LONG    D_PREV     D_NOW
15 2024-05-21 04:09:00+00:00      31  1.0856  0.00015  EUR_USD  1.085573  1.085586    1.085573        NaN       NaN -0.000014
16 2024-05-21 04:10:00+00:00      22  1.0856  0.00014  EUR_USD  1.085575  1.085589    1.085573   1.085586 -0.000014 -0.000014
2024-05-21 09:11:08 Trade_decision:0
2024-05-21 09:11:08 
2024-05-21 09:11:08 
2024-05-21 09:11:08 get_trade_decision() pair:GBP_JPY max_rows:18
2024-05-21 09:11:08 Processed_df
                        time  volume    mid_c  SPREAD     PAIR       MA_4       MA_16  PREV_SHORT   PREV_LONG    D_PREV     D_NOW
15 2024-05-21 04:09:00+00:00     100  198.862    0.03  GBP_JPY  198.84600  198.834563     198.843         NaN       NaN  0.011437
16 2024-05-21 04:10:00+00:00      59  198.873    0.03  GBP_JPY  198.85475  198.838437     198.846  198.834563  0.011437  0.016312
2024-05-21 09:11:08 Trade_decision:0
2024-05-21 09:11:08 
2024-05-21 09:11:08 
2024-05-21 09:11:08 get_trade_decision() pair:AUD_USD max_rows:18
2024-05-21 09:11:08 Processed_df
                        time  volume    mid_c   SPREAD     PAIR      MA_4     MA_16  PREV_SHORT  PREV_LONG    D_PREV     D_NOW
15 2024-05-21 04:09:00+00:00      13  0.66574  0.00011  AUD_USD  0.665702  0.665649    0.665708        NaN       NaN  0.000053
16 2024-05-21 04:10:00+00:00      14  0.66568  0.00013  AUD_USD  0.665693  0.665664    0.665702   0.665649  0.000053  0.000028
2024-05-21 09:11:08 Trade_decision:0
2024-05-21 09:11:08 
2024-05-21 09:11:08 
2024-05-21 09:11:08 get_trade_decision() pair:GBP_USD max_rows:18
2024-05-21 09:11:09 Processed_df
                        time  volume    mid_c   SPREAD     PAIR      MA_4     MA_16  PREV_SHORT  PREV_LONG    D_PREV     D_NOW
15 2024-05-21 04:09:00+00:00      59  1.27064  0.00017  GBP_USD  1.270625  1.270628    1.270630        NaN       NaN -0.000003
16 2024-05-21 04:10:00+00:00      13  1.27068  0.00018  GBP_USD  1.270628  1.270636    1.270625   1.270628 -0.000003 -0.000009
2024-05-21 09:11:09 Trade_decision:0
2024-05-21 09:11:09 
2024-05-21 09:11:09 
2024-05-21 09:11:09 get_trade_decision() pair:EUR_CHF max_rows:18
2024-05-21 09:11:09 Processed_df
                        time  volume    mid_c   SPREAD     PAIR      MA_4     MA_16  PREV_SHORT  PREV_LONG    D_PREV     D_NOW
16 2024-05-21 04:09:00+00:00      30  0.98892  0.00015  EUR_CHF  0.988930  0.988958    0.988935   0.988964 -0.000029 -0.000028
17 2024-05-21 04:10:00+00:00      20  0.98893  0.00016  EUR_CHF  0.988927  0.988953    0.988930   0.988958 -0.000028 -0.000026
2024-05-21 09:11:09 Trade_decision:0
2024-05-21 09:11:09 
2024-05-21 09:11:09 
2024-05-21 09:11:09 get_trade_decision() pair:EUR_GBP max_rows:18
2024-05-21 09:11:09 Processed_df
                        time  volume    mid_c   SPREAD     PAIR      MA_4     MA_16  PREV_SHORT  PREV_LONG    D_PREV     D_NOW
16 2024-05-21 04:09:00+00:00       7  0.85438  0.00013  EUR_GBP  0.854365  0.854380    0.854360   0.854381 -0.000021 -0.000015
17 2024-05-21 04:10:00+00:00       1  0.85436  0.00013  EUR_GBP  0.854365  0.854378    0.854365   0.854380 -0.000015 -0.000012
2024-05-21 09:11:09 Trade_decision:0
2024-05-21 09:11:09 
2024-05-21 09:12:09 
2024-05-21 09:12:09 get_trade_decision() pair:EUR_USD max_rows:18
2024-05-21 09:12:09 Processed_df
                        time  volume   mid_c   SPREAD     PAIR      MA_4     MA_16  PREV_SHORT  PREV_LONG    D_PREV     D_NOW
15 2024-05-21 04:10:00+00:00      22  1.0856  0.00014  EUR_USD  1.085575  1.085589    1.085573        NaN       NaN -0.000014
16 2024-05-21 04:11:00+00:00      24  1.0856  0.00014  EUR_USD  1.085587  1.085591    1.085575   1.085589 -0.000014 -0.000004
2024-05-21 09:12:09 Trade_decision:0
2024-05-21 09:12:09 
2024-05-21 09:12:09 
2024-05-21 09:12:09 get_trade_decision() pair:GBP_JPY max_rows:18
2024-05-21 09:12:09 Processed_df
                        time  volume    mid_c  SPREAD     PAIR       MA_4       MA_16  PREV_SHORT   PREV_LONG    D_PREV     D_NOW
15 2024-05-21 04:10:00+00:00      59  198.873   0.030  GBP_JPY  198.85475  198.838437   198.84600         NaN       NaN  0.016313
16 2024-05-21 04:11:00+00:00      41  198.879   0.028  GBP_JPY  198.86400  198.842750   198.85475  198.838437  0.016313  0.021250
2024-05-21 09:12:09 Trade_decision:0
2024-05-21 09:12:09 
2024-05-21 09:12:09 
2024-05-21 09:12:09 get_trade_decision() pair:AUD_USD max_rows:18
2024-05-21 09:12:10 Processed_df
                        time  volume    mid_c   SPREAD     PAIR      MA_4     MA_16  PREV_SHORT  PREV_LONG    D_PREV     D_NOW
15 2024-05-21 04:10:00+00:00      14  0.66568  0.00013  AUD_USD  0.665693  0.665664    0.665702        NaN       NaN  0.000028
16 2024-05-21 04:11:00+00:00      15  0.66564  0.00012  AUD_USD  0.665678  0.665676    0.665693   0.665664  0.000028  0.000002
2024-05-21 09:12:10 Trade_decision:0
2024-05-21 09:12:10 
2024-05-21 09:12:10 
2024-05-21 09:12:10 get_trade_decision() pair:GBP_USD max_rows:18
2024-05-21 09:12:10 Processed_df
                        time  volume    mid_c   SPREAD     PAIR      MA_4     MA_16  PREV_SHORT  PREV_LONG    D_PREV     D_NOW
15 2024-05-21 04:10:00+00:00      13  1.27068  0.00018  GBP_USD  1.270628  1.270636    1.270625        NaN       NaN -0.000009
16 2024-05-21 04:11:00+00:00      19  1.27068  0.00019  GBP_USD  1.270645  1.270644    1.270628   1.270636 -0.000009  0.000001
2024-05-21 09:12:10 Trade_decision:1
2024-05-21 09:12:10 
2024-05-21 09:12:10 
2024-05-21 09:12:10 get_trade_decision() pair:EUR_CHF max_rows:18
2024-05-21 09:12:11 Processed_df
                        time  volume    mid_c   SPREAD     PAIR      MA_4     MA_16  PREV_SHORT  PREV_LONG    D_PREV     D_NOW
15 2024-05-21 04:10:00+00:00      20  0.98893  0.00016  EUR_CHF  0.988927  0.988953    0.988930        NaN       NaN -0.000026
16 2024-05-21 04:11:00+00:00       5  0.98894  0.00016  EUR_CHF  0.988927  0.988949    0.988927   0.988953 -0.000026 -0.000022
2024-05-21 09:12:11 Trade_decision:0
2024-05-21 09:12:11 
2024-05-21 09:13:11 
2024-05-21 09:13:11 get_trade_decision() pair:EUR_USD max_rows:18
2024-05-21 09:13:11 Processed_df
                        time  volume    mid_c   SPREAD     PAIR      MA_4     MA_16  PREV_SHORT  PREV_LONG    D_PREV     D_NOW
15 2024-05-21 04:11:00+00:00      24  1.08560  0.00014  EUR_USD  1.085587  1.085591    1.085575        NaN       NaN -0.000004
16 2024-05-21 04:12:00+00:00      10  1.08559  0.00014  EUR_USD  1.085597  1.085593    1.085587   1.085591 -0.000004  0.000004
2024-05-21 09:13:11 Trade_decision:1
2024-05-21 09:13:11 
2024-05-21 09:13:11 
2024-05-21 09:13:11 get_trade_decision() pair:GBP_JPY max_rows:18
2024-05-21 09:13:12 Processed_df
                        time  volume    mid_c  SPREAD     PAIR       MA_4       MA_16  PREV_SHORT  PREV_LONG   D_PREV     D_NOW
15 2024-05-21 04:11:00+00:00      41  198.879   0.028  GBP_JPY  198.86400  198.842750   198.85475        NaN      NaN  0.021250
16 2024-05-21 04:12:00+00:00      43  198.869   0.028  GBP_JPY  198.87075  198.846125   198.86400  198.84275  0.02125  0.024625
2024-05-21 09:13:12 Trade_decision:0
2024-05-21 09:13:12 
2024-05-21 09:13:12 
2024-05-21 09:13:12 get_trade_decision() pair:AUD_USD max_rows:18
2024-05-21 09:13:12 Processed_df
                        time  volume    mid_c   SPREAD     PAIR      MA_4     MA_16  PREV_SHORT  PREV_LONG    D_PREV     D_NOW
15 2024-05-21 04:11:00+00:00      15  0.66564  0.00012  AUD_USD  0.665677  0.665676    0.665693        NaN       NaN  0.000002
16 2024-05-21 04:12:00+00:00      15  0.66561  0.00012  AUD_USD  0.665668  0.665679    0.665677   0.665676  0.000002 -0.000011
2024-05-21 09:13:12 Trade_decision:-1
2024-05-21 09:13:12 
2024-05-21 09:13:12 
2024-05-21 09:13:12 get_trade_decision() pair:GBP_USD max_rows:18
2024-05-21 09:13:13 Processed_df
                        time  volume    mid_c   SPREAD     PAIR      MA_4     MA_16  PREV_SHORT  PREV_LONG    D_PREV     D_NOW
15 2024-05-21 04:11:00+00:00      19  1.27068  0.00019  GBP_USD  1.270645  1.270644    1.270628        NaN       NaN  0.000001
16 2024-05-21 04:12:00+00:00      26  1.27068  0.00017  GBP_USD  1.270670  1.270651    1.270645   1.270644  0.000001  0.000019
2024-05-21 09:13:13 Trade_decision:0
2024-05-21 09:13:13 
2024-05-21 09:13:13 
2024-05-21 09:13:13 get_trade_decision() pair:EUR_CHF max_rows:18
2024-05-21 09:13:13 Processed_df
                        time  volume    mid_c   SPREAD     PAIR      MA_4     MA_16  PREV_SHORT  PREV_LONG    D_PREV     D_NOW
15 2024-05-21 04:11:00+00:00       5  0.98894  0.00016  EUR_CHF  0.988927  0.988949    0.988927        NaN       NaN -0.000022
16 2024-05-21 04:12:00+00:00      19  0.98906  0.00014  EUR_CHF  0.988963  0.988954    0.988927   0.988949 -0.000022  0.000008
2024-05-21 09:13:13 Trade_decision:1
2024-05-21 09:13:13 
2024-05-21 09:14:03 
2024-05-21 09:14:03 get_trade_decision() pair:GBP_JPY max_rows:18
2024-05-21 09:14:03 Processed_df
                        time  volume    mid_c  SPREAD     PAIR       MA_4       MA_16  PREV_SHORT   PREV_LONG    D_PREV     D_NOW
15 2024-05-21 04:12:00+00:00      43  198.869   0.028  GBP_JPY  198.87075  198.846125   198.86400         NaN       NaN  0.024625
16 2024-05-21 04:13:00+00:00      74  198.886   0.032  GBP_JPY  198.87675  198.849750   198.87075  198.846125  0.024625  0.027000
2024-05-21 09:14:03 Trade_decision:0
2024-05-21 09:14:03 
2024-05-21 09:14:15 
2024-05-21 09:14:15 get_trade_decision() pair:EUR_USD max_rows:18
2024-05-21 09:14:15 Processed_df
                        time  volume    mid_c   SPREAD     PAIR      MA_4     MA_16  PREV_SHORT  PREV_LONG    D_PREV     D_NOW
16 2024-05-21 04:12:00+00:00      10  1.08559  0.00014  EUR_USD  1.085597  1.085593    1.085587   1.085591 -0.000004  0.000004
17 2024-05-21 04:13:00+00:00      14  1.08560  0.00014  EUR_USD  1.085597  1.085592    1.085597   1.085593  0.000004  0.000005
2024-05-21 09:14:15 Trade_decision:0
2024-05-21 09:14:15 
2024-05-21 09:14:15 
2024-05-21 09:14:15 get_trade_decision() pair:AUD_USD max_rows:18
2024-05-21 09:14:16 Processed_df
                        time  volume    mid_c   SPREAD     PAIR      MA_4     MA_16  PREV_SHORT  PREV_LONG    D_PREV     D_NOW
15 2024-05-21 04:12:00+00:00      15  0.66561  0.00012  AUD_USD  0.665668  0.665679    0.665678        NaN       NaN -0.000011
16 2024-05-21 04:13:00+00:00      28  0.66558  0.00011  AUD_USD  0.665628  0.665681    0.665668   0.665679 -0.000011 -0.000054
2024-05-21 09:14:16 Trade_decision:0
2024-05-21 09:14:16 
2024-05-21 09:14:16 
2024-05-21 09:14:16 get_trade_decision() pair:GBP_USD max_rows:18
2024-05-21 09:14:16 Processed_df
                        time  volume    mid_c   SPREAD     PAIR      MA_4     MA_16  PREV_SHORT  PREV_LONG    D_PREV     D_NOW
15 2024-05-21 04:12:00+00:00      26  1.27068  0.00017  GBP_USD  1.270670  1.270651    1.270645        NaN       NaN  0.000019
16 2024-05-21 04:13:00+00:00     110  1.27067  0.00018  GBP_USD  1.270678  1.270653    1.270670   1.270651  0.000019  0.000024
2024-05-21 09:14:16 Trade_decision:0
2024-05-21 09:14:16 
2024-05-21 09:14:16 
2024-05-21 09:14:16 get_trade_decision() pair:EUR_CHF max_rows:18
2024-05-21 09:14:17 Processed_df
                        time  volume    mid_c   SPREAD     PAIR      MA_4     MA_16  PREV_SHORT  PREV_LONG    D_PREV     D_NOW
15 2024-05-21 04:12:00+00:00      19  0.98906  0.00014  EUR_CHF  0.988962  0.988954    0.988928        NaN       NaN  0.000008
16 2024-05-21 04:13:00+00:00       6  0.98906  0.00015  EUR_CHF  0.988998  0.988959    0.988962   0.988954  0.000008  0.000038
2024-05-21 09:14:17 Trade_decision:0
2024-05-21 09:14:17 
2024-05-21 09:15:04 
2024-05-21 09:15:04 get_trade_decision() pair:GBP_JPY max_rows:18
2024-05-21 09:15:05 Processed_df
                        time  volume    mid_c  SPREAD     PAIR       MA_4       MA_16  PREV_SHORT  PREV_LONG  D_PREV     D_NOW
15 2024-05-21 04:13:00+00:00      74  198.886   0.032  GBP_JPY  198.87675  198.849750   198.87075        NaN     NaN  0.027000
16 2024-05-21 04:14:00+00:00      62  198.896   0.031  GBP_JPY  198.88250  198.854125   198.87675  198.84975   0.027  0.028375
2024-05-21 09:15:05 Trade_decision:0
2024-05-21 09:15:05 
2024-05-21 09:15:16 
2024-05-21 09:15:16 get_trade_decision() pair:EUR_USD max_rows:18
2024-05-21 09:15:17 Processed_df
                        time  volume   mid_c   SPREAD     PAIR      MA_4     MA_16  PREV_SHORT  PREV_LONG    D_PREV     D_NOW
15 2024-05-21 04:13:00+00:00      14  1.0856  0.00014  EUR_USD  1.085597  1.085592    1.085597        NaN       NaN  0.000005
16 2024-05-21 04:14:00+00:00       4  1.0856  0.00014  EUR_USD  1.085597  1.085592    1.085597   1.085592  0.000005  0.000005
2024-05-21 09:15:17 Trade_decision:0
2024-05-21 09:15:17 
2024-05-21 09:15:17 
2024-05-21 09:15:17 get_trade_decision() pair:AUD_USD max_rows:18
2024-05-21 09:15:17 Processed_df
                        time  volume    mid_c   SPREAD     PAIR      MA_4     MA_16  PREV_SHORT  PREV_LONG    D_PREV     D_NOW
15 2024-05-21 04:13:00+00:00      28  0.66558  0.00011  AUD_USD  0.665628  0.665681    0.665668        NaN       NaN -0.000054
16 2024-05-21 04:14:00+00:00      29  0.66558  0.00013  AUD_USD  0.665602  0.665678    0.665628   0.665681 -0.000054 -0.000075
2024-05-21 09:15:17 Trade_decision:0
2024-05-21 09:15:17 
2024-05-21 09:15:17 
2024-05-21 09:15:17 get_trade_decision() pair:GBP_USD max_rows:18
2024-05-21 09:15:18 Processed_df
                        time  volume    mid_c   SPREAD     PAIR      MA_4     MA_16  PREV_SHORT  PREV_LONG    D_PREV     D_NOW
15 2024-05-21 04:13:00+00:00     110  1.27067  0.00018  GBP_USD  1.270677  1.270653    1.270670        NaN       NaN  0.000024
16 2024-05-21 04:14:00+00:00       9  1.27068  0.00015  GBP_USD  1.270678  1.270655    1.270677   1.270653  0.000024  0.000023
2024-05-21 09:15:18 Trade_decision:0
2024-05-21 09:15:18 
2024-05-21 09:15:18 
2024-05-21 09:15:18 get_trade_decision() pair:EUR_CHF max_rows:18
2024-05-21 09:15:18 Processed_df
                        time  volume    mid_c   SPREAD     PAIR      MA_4     MA_16  PREV_SHORT  PREV_LONG    D_PREV     D_NOW
15 2024-05-21 04:13:00+00:00       6  0.98906  0.00015  EUR_CHF  0.988997  0.988959    0.988963        NaN       NaN  0.000038
16 2024-05-21 04:14:00+00:00      13  0.98905  0.00014  EUR_CHF  0.989028  0.988964    0.988997   0.988959  0.000038  0.000064
2024-05-21 09:15:18 Trade_decision:0
2024-05-21 09:15:18 
2024-05-21 09:15:18 
2024-05-21 09:15:18 get_trade_decision() pair:EUR_GBP max_rows:18
2024-05-21 09:15:18 Processed_df
                        time  volume    mid_c   SPREAD     PAIR      MA_4     MA_16  PREV_SHORT  PREV_LONG    D_PREV     D_NOW
15 2024-05-21 04:10:00+00:00       1  0.85436  0.00013  EUR_GBP  0.854365  0.854378    0.854365        NaN       NaN -0.000012
16 2024-05-21 04:14:00+00:00       2  0.85434  0.00013  EUR_GBP  0.854360  0.854374    0.854365   0.854378 -0.000012 -0.000014
2024-05-21 09:15:18 Trade_decision:0
2024-05-21 09:15:18 
2024-05-21 09:16:06 
2024-05-21 09:16:06 get_trade_decision() pair:GBP_JPY max_rows:18
2024-05-21 09:16:07 Processed_df
                        time  volume    mid_c  SPREAD     PAIR       MA_4       MA_16  PREV_SHORT   PREV_LONG    D_PREV     D_NOW
15 2024-05-21 04:14:00+00:00      62  198.896   0.031  GBP_JPY  198.88250  198.854125   198.87675         NaN       NaN  0.028375
16 2024-05-21 04:15:00+00:00     187  198.882   0.033  GBP_JPY  198.88325  198.857625   198.88250  198.854125  0.028375  0.025625
2024-05-21 09:16:07 Trade_decision:0
2024-05-21 09:16:07 
2024-05-21 09:16:07 
2024-05-21 09:16:07 get_trade_decision() pair:AUD_USD max_rows:18
2024-05-21 09:16:07 Processed_df
                        time  volume    mid_c   SPREAD     PAIR      MA_4     MA_16  PREV_SHORT  PREV_LONG    D_PREV     D_NOW
16 2024-05-21 04:14:00+00:00      29  0.66558  0.00013  AUD_USD  0.665602  0.665678    0.665628   0.665681 -0.000054 -0.000075
17 2024-05-21 04:15:00+00:00      54  0.66551  0.00012  AUD_USD  0.665570  0.665669    0.665602   0.665678 -0.000075 -0.000099
2024-05-21 09:16:07 Trade_decision:0
2024-05-21 09:16:07 
2024-05-21 09:16:07 
2024-05-21 09:16:07 get_trade_decision() pair:GBP_USD max_rows:18
2024-05-21 09:16:08 Processed_df
                        time  volume    mid_c   SPREAD     PAIR      MA_4     MA_16  PREV_SHORT  PREV_LONG    D_PREV     D_NOW
15 2024-05-21 04:14:00+00:00       9  1.27068  0.00015  GBP_USD  1.270678  1.270655    1.270678        NaN       NaN  0.000023
16 2024-05-21 04:15:00+00:00      75  1.27063  0.00016  GBP_USD  1.270665  1.270656    1.270678   1.270655  0.000023  0.000009
2024-05-21 09:16:08 Trade_decision:0
2024-05-21 09:16:08 
2024-05-21 09:16:08 
2024-05-21 09:16:08 get_trade_decision() pair:EUR_CHF max_rows:18
2024-05-21 09:16:08 Processed_df
                        time  volume    mid_c   SPREAD     PAIR      MA_4     MA_16  PREV_SHORT  PREV_LONG    D_PREV     D_NOW
15 2024-05-21 04:14:00+00:00      13  0.98905  0.00014  EUR_CHF  0.989027  0.988964    0.988998        NaN       NaN  0.000064
16 2024-05-21 04:15:00+00:00      20  0.98908  0.00015  EUR_CHF  0.989062  0.988971    0.989027   0.988964  0.000064  0.000092
2024-05-21 09:16:08 Trade_decision:0
2024-05-21 09:16:08 
2024-05-21 09:16:08 
2024-05-21 09:16:08 get_trade_decision() pair:EUR_GBP max_rows:18
2024-05-21 09:16:08 Processed_df
                        time  volume    mid_c   SPREAD     PAIR      MA_4     MA_16  PREV_SHORT  PREV_LONG    D_PREV     D_NOW
15 2024-05-21 04:14:00+00:00       2  0.85434  0.00013  EUR_GBP  0.854360  0.854374    0.854365        NaN       NaN -0.000014
16 2024-05-21 04:15:00+00:00      14  0.85437  0.00012  EUR_GBP  0.854363  0.854371    0.854360   0.854374 -0.000014 -0.000009
2024-05-21 09:16:08 Trade_decision:0
2024-05-21 09:16:08 
2024-05-21 09:16:20 
2024-05-21 09:16:20 get_trade_decision() pair:EUR_USD max_rows:18
2024-05-21 09:16:21 Processed_df
                        time  volume    mid_c   SPREAD     PAIR      MA_4     MA_16  PREV_SHORT  PREV_LONG    D_PREV     D_NOW
16 2024-05-21 04:14:00+00:00       4  1.08560  0.00014  EUR_USD  1.085597  1.085592    1.085597   1.085592  0.000005  0.000005
17 2024-05-21 04:15:00+00:00       2  1.08559  0.00014  EUR_USD  1.085595  1.085592    1.085597   1.085592  0.000005  0.000003
2024-05-21 09:16:21 Trade_decision:0
2024-05-21 09:16:21 
2024-05-21 09:17:09 
2024-05-21 09:17:09 get_trade_decision() pair:GBP_JPY max_rows:18
2024-05-21 09:17:09 Processed_df
                        time  volume    mid_c  SPREAD     PAIR       MA_4       MA_16  PREV_SHORT   PREV_LONG    D_PREV     D_NOW
15 2024-05-21 04:15:00+00:00     187  198.882   0.033  GBP_JPY  198.88325  198.857625   198.88250         NaN       NaN  0.025625
16 2024-05-21 04:16:00+00:00     131  198.861   0.028  GBP_JPY  198.88125  198.859438   198.88325  198.857625  0.025625  0.021812
2024-05-21 09:17:09 Trade_decision:0
2024-05-21 09:17:09 
2024-05-21 09:17:09 
2024-05-21 09:17:09 get_trade_decision() pair:AUD_USD max_rows:18
2024-05-21 09:17:10 Processed_df
                        time  volume    mid_c   SPREAD     PAIR      MA_4     MA_16  PREV_SHORT  PREV_LONG    D_PREV     D_NOW
15 2024-05-21 04:15:00+00:00      54  0.66551  0.00012  AUD_USD  0.665570  0.665669    0.665602        NaN       NaN -0.000099
16 2024-05-21 04:16:00+00:00       6  0.66554  0.00013  AUD_USD  0.665552  0.665664    0.665570   0.665669 -0.000099 -0.000111
2024-05-21 09:17:10 Trade_decision:0
2024-05-21 09:17:10 
2024-05-21 09:17:10 
2024-05-21 09:17:10 get_trade_decision() pair:GBP_USD max_rows:18
2024-05-21 09:17:10 Processed_df
                        time  volume    mid_c   SPREAD     PAIR      MA_4     MA_16  PREV_SHORT  PREV_LONG    D_PREV     D_NOW
15 2024-05-21 04:15:00+00:00      75  1.27063  0.00016  GBP_USD  1.270665  1.270656    1.270678        NaN       NaN  0.000009
16 2024-05-21 04:16:00+00:00      54  1.27062  0.00017  GBP_USD  1.270650  1.270654    1.270665   1.270656  0.000009 -0.000004
2024-05-21 09:17:10 Trade_decision:-1
2024-05-21 09:17:10 
2024-05-21 09:17:10 
2024-05-21 09:17:10 get_trade_decision() pair:EUR_CHF max_rows:18
2024-05-21 09:17:11 Processed_df
                        time  volume    mid_c   SPREAD     PAIR      MA_4     MA_16  PREV_SHORT  PREV_LONG    D_PREV     D_NOW
15 2024-05-21 04:15:00+00:00      20  0.98908  0.00015  EUR_CHF  0.989062  0.988971    0.989027        NaN       NaN  0.000092
16 2024-05-21 04:16:00+00:00      16  0.98909  0.00014  EUR_CHF  0.989070  0.988981    0.989062   0.988971  0.000092  0.000089
2024-05-21 09:17:11 Trade_decision:0
2024-05-21 09:17:11 
2024-05-21 09:17:11 
2024-05-21 09:17:11 get_trade_decision() pair:EUR_GBP max_rows:18
2024-05-21 09:17:11 Processed_df
                        time  volume    mid_c   SPREAD     PAIR      MA_4     MA_16  PREV_SHORT  PREV_LONG    D_PREV     D_NOW
16 2024-05-21 04:15:00+00:00      14  0.85437  0.00012  EUR_GBP  0.854363  0.854371    0.854360   0.854374 -0.000014 -0.000009
17 2024-05-21 04:16:00+00:00      16  0.85437  0.00012  EUR_GBP  0.854360  0.854369    0.854363   0.854371 -0.000009 -0.000009
2024-05-21 09:17:11 Trade_decision:0
2024-05-21 09:17:11 
2024-05-21 09:18:11 
2024-05-21 09:18:11 get_trade_decision() pair:EUR_USD max_rows:18
2024-05-21 09:18:11 Processed_df
                        time  volume    mid_c   SPREAD     PAIR      MA_4     MA_16  PREV_SHORT  PREV_LONG    D_PREV     D_NOW
16 2024-05-21 04:15:00+00:00       2  1.08559  0.00014  EUR_USD  1.085595  1.085592    1.085597   1.085592  0.000005  0.000003
17 2024-05-21 04:17:00+00:00      11  1.08560  0.00014  EUR_USD  1.085597  1.085592    1.085595   1.085592  0.000003  0.000006
2024-05-21 09:18:11 Trade_decision:0
2024-05-21 09:18:11 
2024-05-21 09:18:11 
2024-05-21 09:18:11 get_trade_decision() pair:GBP_JPY max_rows:18
2024-05-21 09:18:12 Processed_df
                        time  volume    mid_c  SPREAD     PAIR       MA_4       MA_16  PREV_SHORT   PREV_LONG    D_PREV     D_NOW
15 2024-05-21 04:16:00+00:00     131  198.861   0.028  GBP_JPY  198.88125  198.859438   198.88325         NaN       NaN  0.021812
16 2024-05-21 04:17:00+00:00      95  198.851   0.026  GBP_JPY  198.87250  198.860437   198.88125  198.859438  0.021812  0.012062
2024-05-21 09:18:12 Trade_decision:0
2024-05-21 09:18:12 
2024-05-21 09:18:12 
2024-05-21 09:18:12 get_trade_decision() pair:AUD_USD max_rows:18
2024-05-21 09:18:12 Processed_df
                        time  volume    mid_c   SPREAD     PAIR      MA_4     MA_16  PREV_SHORT  PREV_LONG    D_PREV     D_NOW
15 2024-05-21 04:16:00+00:00       6  0.66554  0.00013  AUD_USD  0.665552  0.665664    0.665570        NaN       NaN -0.000111
16 2024-05-21 04:17:00+00:00      31  0.66556  0.00011  AUD_USD  0.665547  0.665658    0.665552   0.665664 -0.000111 -0.000110
2024-05-21 09:18:12 Trade_decision:0
2024-05-21 09:18:12 
2024-05-21 09:18:12 
2024-05-21 09:18:12 get_trade_decision() pair:GBP_USD max_rows:18
2024-05-21 09:18:12 Processed_df
                        time  volume    mid_c   SPREAD     PAIR      MA_4     MA_16  PREV_SHORT  PREV_LONG    D_PREV     D_NOW
15 2024-05-21 04:16:00+00:00      54  1.27062  0.00017  GBP_USD  1.270650  1.270654    1.270665        NaN       NaN -0.000004
16 2024-05-21 04:17:00+00:00      26  1.27066  0.00017  GBP_USD  1.270647  1.270655    1.270650   1.270654 -0.000004 -0.000008
2024-05-21 09:18:12 Trade_decision:0
2024-05-21 09:18:12 
2024-05-21 09:18:12 
2024-05-21 09:18:12 get_trade_decision() pair:EUR_CHF max_rows:18
2024-05-21 09:18:13 Processed_df
                        time  volume    mid_c   SPREAD     PAIR      MA_4     MA_16  PREV_SHORT  PREV_LONG    D_PREV     D_NOW
15 2024-05-21 04:16:00+00:00      16  0.98909  0.00014  EUR_CHF  0.989070  0.988981    0.989063        NaN       NaN  0.000089
16 2024-05-21 04:17:00+00:00       8  0.98908  0.00015  EUR_CHF  0.989075  0.988989    0.989070   0.988981  0.000089  0.000086
2024-05-21 09:18:13 Trade_decision:0
2024-05-21 09:18:13 
2024-05-21 09:18:13 
2024-05-21 09:18:13 get_trade_decision() pair:EUR_GBP max_rows:18
2024-05-21 09:18:13 Processed_df
                        time  volume    mid_c   SPREAD     PAIR     MA_4     MA_16  PREV_SHORT  PREV_LONG    D_PREV     D_NOW
16 2024-05-21 04:16:00+00:00      16  0.85437  0.00012  EUR_GBP  0.85436  0.854369    0.854362   0.854371 -0.000009 -0.000009
17 2024-05-21 04:17:00+00:00       1  0.85436  0.00013  EUR_GBP  0.85436  0.854367    0.854360   0.854369 -0.000009 -0.000007
2024-05-21 09:18:13 Trade_decision:0
2024-05-21 09:18:13 
2024-05-21 09:19:13 
2024-05-21 09:19:13 get_trade_decision() pair:EUR_USD max_rows:18
2024-05-21 09:19:13 Processed_df
                        time  volume    mid_c   SPREAD     PAIR      MA_4     MA_16  PREV_SHORT  PREV_LONG    D_PREV         D_NOW
16 2024-05-21 04:17:00+00:00      11  1.08560  0.00014  EUR_USD  1.085597  1.085592    1.085595   1.085592  0.000003  5.625000e-06
17 2024-05-21 04:18:00+00:00       8  1.08558  0.00015  EUR_USD  1.085592  1.085592    1.085597   1.085592  0.000006  6.250000e-07
2024-05-21 09:19:13 Trade_decision:0
2024-05-21 09:19:13 
2024-05-21 09:19:13 
2024-05-21 09:19:13 get_trade_decision() pair:GBP_JPY max_rows:18
2024-05-21 09:19:13 Processed_df
                        time  volume    mid_c  SPREAD     PAIR      MA_4       MA_16  PREV_SHORT   PREV_LONG    D_PREV     D_NOW
15 2024-05-21 04:17:00+00:00      95  198.851   0.026  GBP_JPY  198.8725  198.860437   198.88125         NaN       NaN  0.012063
16 2024-05-21 04:18:00+00:00     118  198.854   0.029  GBP_JPY  198.8620  198.861312   198.87250  198.860437  0.012063  0.000687
2024-05-21 09:19:13 Trade_decision:0
2024-05-21 09:19:13 
2024-05-21 09:19:13 
2024-05-21 09:19:13 get_trade_decision() pair:AUD_USD max_rows:18
2024-05-21 09:19:14 Processed_df
                        time  volume    mid_c   SPREAD     PAIR      MA_4     MA_16  PREV_SHORT  PREV_LONG   D_PREV     D_NOW
15 2024-05-21 04:17:00+00:00      31  0.66556  0.00011  AUD_USD  0.665548  0.665658    0.665552        NaN      NaN -0.000110
16 2024-05-21 04:18:00+00:00      22  0.66552  0.00011  AUD_USD  0.665533  0.665646    0.665548   0.665658 -0.00011 -0.000113
2024-05-21 09:19:14 Trade_decision:0
2024-05-21 09:19:14 
2024-05-21 09:19:14 
2024-05-21 09:19:14 get_trade_decision() pair:GBP_USD max_rows:18
2024-05-21 09:19:14 Processed_df
                        time  volume    mid_c   SPREAD     PAIR      MA_4     MA_16  PREV_SHORT  PREV_LONG    D_PREV     D_NOW
15 2024-05-21 04:17:00+00:00      26  1.27066  0.00017  GBP_USD  1.270647  1.270655    1.270650        NaN       NaN -0.000008
16 2024-05-21 04:18:00+00:00      23  1.27066  0.00019  GBP_USD  1.270642  1.270654    1.270647   1.270655 -0.000008 -0.000011
2024-05-21 09:19:14 Trade_decision:0
2024-05-21 09:19:14 
2024-05-21 09:19:14 
2024-05-21 09:19:14 get_trade_decision() pair:EUR_CHF max_rows:18
2024-05-21 09:19:14 Processed_df
                        time  volume    mid_c   SPREAD     PAIR      MA_4     MA_16  PREV_SHORT  PREV_LONG    D_PREV     D_NOW
16 2024-05-21 04:17:00+00:00       8  0.98908  0.00015  EUR_CHF  0.989075  0.988989    0.989070   0.988981  0.000089  0.000086
17 2024-05-21 04:18:00+00:00      12  0.98907  0.00016  EUR_CHF  0.989080  0.988996    0.989075   0.988989  0.000086  0.000084
2024-05-21 09:19:14 Trade_decision:0
2024-05-21 09:19:14 
2024-05-21 09:19:14 
2024-05-21 09:19:14 get_trade_decision() pair:EUR_GBP max_rows:18
2024-05-21 09:19:15 Processed_df
                        time  volume    mid_c   SPREAD     PAIR      MA_4     MA_16  PREV_SHORT  PREV_LONG    D_PREV         D_NOW
15 2024-05-21 04:17:00+00:00       1  0.85436  0.00013  EUR_GBP  0.854360  0.854367     0.85436        NaN       NaN -6.875000e-06
16 2024-05-21 04:18:00+00:00       4  0.85436  0.00013  EUR_GBP  0.854365  0.854364     0.85436   0.854367 -0.000007  6.250000e-07
2024-05-21 09:19:15 Trade_decision:1
2024-05-21 09:19:15 
2024-05-21 09:20:03 
2024-05-21 09:20:03 get_trade_decision() pair:GBP_JPY max_rows:18
2024-05-21 09:20:03 Processed_df
                        time  volume    mid_c  SPREAD     PAIR      MA_4       MA_16  PREV_SHORT   PREV_LONG    D_PREV     D_NOW
15 2024-05-21 04:18:00+00:00     118  198.854   0.029  GBP_JPY  198.8620  198.861312    198.8725         NaN       NaN  0.000688
16 2024-05-21 04:19:00+00:00      79  198.852   0.027  GBP_JPY  198.8545  198.861937    198.8620  198.861312  0.000688 -0.007437
2024-05-21 09:20:03 Trade_decision:-1
2024-05-21 09:20:03 
2024-05-21 09:20:03 
2024-05-21 09:20:03 get_trade_decision() pair:AUD_USD max_rows:18
2024-05-21 09:20:03 Processed_df
                        time  volume    mid_c   SPREAD     PAIR      MA_4     MA_16  PREV_SHORT  PREV_LONG    D_PREV     D_NOW
15 2024-05-21 04:18:00+00:00      22  0.66552  0.00011  AUD_USD  0.665533  0.665646    0.665548        NaN       NaN -0.000113
16 2024-05-21 04:19:00+00:00      22  0.66555  0.00012  AUD_USD  0.665543  0.665631    0.665533   0.665646 -0.000113 -0.000089
2024-05-21 09:20:03 Trade_decision:0
2024-05-21 09:20:03 
2024-05-21 09:20:03 
2024-05-21 09:20:03 get_trade_decision() pair:GBP_USD max_rows:18
2024-05-21 09:20:04 Processed_df
                        time  volume    mid_c   SPREAD     PAIR      MA_4     MA_16  PREV_SHORT  PREV_LONG    D_PREV     D_NOW
15 2024-05-21 04:18:00+00:00      23  1.27066  0.00019  GBP_USD  1.270642  1.270654    1.270647        NaN       NaN -0.000011
16 2024-05-21 04:19:00+00:00      22  1.27066  0.00016  GBP_USD  1.270650  1.270652    1.270642   1.270654 -0.000011 -0.000002
2024-05-21 09:20:04 Trade_decision:0
2024-05-21 09:20:04 
2024-05-21 09:20:16 
2024-05-21 09:20:16 get_trade_decision() pair:EUR_USD max_rows:18
2024-05-21 09:20:17 Processed_df
                        time  volume    mid_c   SPREAD     PAIR      MA_4     MA_16  PREV_SHORT  PREV_LONG        D_PREV         D_NOW
15 2024-05-21 04:18:00+00:00       8  1.08558  0.00015  EUR_USD  1.085592  1.085592    1.085597        NaN           NaN  6.250000e-07
16 2024-05-21 04:19:00+00:00      11  1.08560  0.00014  EUR_USD  1.085592  1.085591    1.085592   1.085592  6.250000e-07  1.875000e-06
2024-05-21 09:20:17 Trade_decision:0
2024-05-21 09:20:17 
2024-05-21 09:20:17 
2024-05-21 09:20:17 get_trade_decision() pair:EUR_CHF max_rows:18
2024-05-21 09:20:17 Processed_df
                        time  volume    mid_c   SPREAD     PAIR     MA_4     MA_16  PREV_SHORT  PREV_LONG    D_PREV     D_NOW
16 2024-05-21 04:18:00+00:00      12  0.98907  0.00016  EUR_CHF  0.98908  0.988996    0.989075   0.988989  0.000086  0.000084
17 2024-05-21 04:19:00+00:00      20  0.98908  0.00016  EUR_CHF  0.98908  0.989003    0.989080   0.988996  0.000084  0.000077
2024-05-21 09:20:17 Trade_decision:0
2024-05-21 09:20:17 
2024-05-21 09:20:17 
2024-05-21 09:20:17 get_trade_decision() pair:EUR_GBP max_rows:18
2024-05-21 09:20:18 Processed_df
                        time  volume    mid_c   SPREAD     PAIR      MA_4     MA_16  PREV_SHORT  PREV_LONG        D_PREV         D_NOW
16 2024-05-21 04:18:00+00:00       4  0.85436  0.00013  EUR_GBP  0.854365  0.854364    0.854360   0.854367 -6.875000e-06  6.250000e-07
17 2024-05-21 04:19:00+00:00       4  0.85436  0.00013  EUR_GBP  0.854362  0.854363    0.854365   0.854364  6.250000e-07 -6.250000e-07
2024-05-21 09:20:18 Trade_decision:-1
2024-05-21 09:20:18 
2024-05-21 09:21:06 
2024-05-21 09:21:06 get_trade_decision() pair:EUR_USD max_rows:18
2024-05-21 09:21:07 Processed_df
                        time  volume   mid_c   SPREAD     PAIR      MA_4     MA_16  PREV_SHORT  PREV_LONG    D_PREV     D_NOW
15 2024-05-21 04:19:00+00:00      11  1.0856  0.00014  EUR_USD  1.085592  1.085591    1.085592        NaN       NaN  0.000002
16 2024-05-21 04:20:00+00:00      12  1.0856  0.00015  EUR_USD  1.085595  1.085591    1.085592   1.085591  0.000002  0.000004
2024-05-21 09:21:07 Trade_decision:0
2024-05-21 09:21:07 
2024-05-21 09:21:07 
2024-05-21 09:21:07 get_trade_decision() pair:GBP_JPY max_rows:18
2024-05-21 09:21:07 Processed_df
                        time  volume    mid_c  SPREAD     PAIR       MA_4       MA_16  PREV_SHORT   PREV_LONG    D_PREV     D_NOW
15 2024-05-21 04:19:00+00:00      79  198.852   0.027  GBP_JPY  198.85450  198.861938    198.8620         NaN       NaN -0.007437
16 2024-05-21 04:20:00+00:00      89  198.854   0.032  GBP_JPY  198.85275  198.861938    198.8545  198.861938 -0.007437 -0.009188
2024-05-21 09:21:07 Trade_decision:0
2024-05-21 09:21:07 
2024-05-21 09:21:07 
2024-05-21 09:21:07 get_trade_decision() pair:AUD_USD max_rows:18
2024-05-21 09:21:07 Processed_df
                        time  volume    mid_c   SPREAD     PAIR      MA_4     MA_16  PREV_SHORT  PREV_LONG    D_PREV     D_NOW
15 2024-05-21 04:19:00+00:00      22  0.66555  0.00012  AUD_USD  0.665543  0.665631    0.665533        NaN       NaN -0.000089
16 2024-05-21 04:20:00+00:00      42  0.66552  0.00013  AUD_USD  0.665538  0.665616    0.665543   0.665631 -0.000089 -0.000079
2024-05-21 09:21:07 Trade_decision:0
2024-05-21 09:21:07 
2024-05-21 09:21:07 
2024-05-21 09:21:07 get_trade_decision() pair:GBP_USD max_rows:18
2024-05-21 09:21:08 Processed_df
                        time  volume    mid_c   SPREAD     PAIR      MA_4     MA_16  PREV_SHORT  PREV_LONG    D_PREV     D_NOW
15 2024-05-21 04:19:00+00:00      22  1.27066  0.00016  GBP_USD  1.270650  1.270652    1.270642        NaN       NaN -0.000002
16 2024-05-21 04:20:00+00:00      41  1.27065  0.00018  GBP_USD  1.270657  1.270652    1.270650   1.270652 -0.000002  0.000006
2024-05-21 09:21:08 Trade_decision:1
2024-05-21 09:21:08 
2024-05-21 09:21:08 
2024-05-21 09:21:08 get_trade_decision() pair:EUR_CHF max_rows:18
2024-05-21 09:21:08 Processed_df
                        time  volume    mid_c   SPREAD     PAIR      MA_4     MA_16  PREV_SHORT  PREV_LONG    D_PREV     D_NOW
16 2024-05-21 04:19:00+00:00      20  0.98908  0.00016  EUR_CHF  0.989080  0.989003     0.98908   0.988996  0.000084  0.000077
17 2024-05-21 04:20:00+00:00       7  0.98904  0.00015  EUR_CHF  0.989067  0.989009     0.98908   0.989003  0.000077  0.000059
2024-05-21 09:21:08 Trade_decision:0
2024-05-21 09:21:08 
2024-05-21 09:21:08 
2024-05-21 09:21:08 get_trade_decision() pair:EUR_GBP max_rows:18
2024-05-21 09:21:08 Processed_df
                        time  volume    mid_c   SPREAD     PAIR      MA_4     MA_16  PREV_SHORT  PREV_LONG        D_PREV         D_NOW
16 2024-05-21 04:19:00+00:00       4  0.85436  0.00013  EUR_GBP  0.854362  0.854363    0.854365   0.854364  6.250000e-07 -6.250000e-07
17 2024-05-21 04:20:00+00:00       4  0.85436  0.00014  EUR_GBP  0.854360  0.854362    0.854362   0.854363 -6.250000e-07 -1.875000e-06
2024-05-21 09:21:08 Trade_decision:0
2024-05-21 09:21:08 
2024-05-21 09:22:09 
2024-05-21 09:22:09 get_trade_decision() pair:EUR_USD max_rows:18
2024-05-21 09:22:09 Processed_df
                        time  volume   mid_c   SPREAD     PAIR      MA_4     MA_16  PREV_SHORT  PREV_LONG    D_PREV     D_NOW
15 2024-05-21 04:20:00+00:00      12  1.0856  0.00015  EUR_USD  1.085595  1.085591    1.085592        NaN       NaN  0.000004
16 2024-05-21 04:21:00+00:00       8  1.0856  0.00014  EUR_USD  1.085595  1.085591    1.085595   1.085591  0.000004  0.000004
2024-05-21 09:22:09 Trade_decision:0
2024-05-21 09:22:09 
2024-05-21 09:22:09 
2024-05-21 09:22:09 get_trade_decision() pair:GBP_JPY max_rows:18
2024-05-21 09:22:10 Processed_df
                        time  volume    mid_c  SPREAD     PAIR       MA_4       MA_16  PREV_SHORT   PREV_LONG    D_PREV     D_NOW
15 2024-05-21 04:20:00+00:00      89  198.854   0.032  GBP_JPY  198.85275  198.861938   198.85450         NaN       NaN -0.009187
16 2024-05-21 04:21:00+00:00      92  198.850   0.027  GBP_JPY  198.85250  198.861938   198.85275  198.861938 -0.009187 -0.009438
2024-05-21 09:22:10 Trade_decision:0
2024-05-21 09:22:10 
2024-05-21 09:22:10 
2024-05-21 09:22:10 get_trade_decision() pair:AUD_USD max_rows:18
2024-05-21 09:22:10 Processed_df
                        time  volume    mid_c   SPREAD     PAIR      MA_4     MA_16  PREV_SHORT  PREV_LONG    D_PREV     D_NOW
15 2024-05-21 04:20:00+00:00      42  0.66552  0.00013  AUD_USD  0.665538  0.665616    0.665542        NaN       NaN -0.000079
16 2024-05-21 04:21:00+00:00      23  0.66543  0.00012  AUD_USD  0.665505  0.665596    0.665538   0.665616 -0.000079 -0.000091
2024-05-21 09:22:10 Trade_decision:0
2024-05-21 09:22:10 
2024-05-21 09:22:10 
2024-05-21 09:22:10 get_trade_decision() pair:GBP_USD max_rows:18
2024-05-21 09:22:10 Processed_df
                        time  volume    mid_c   SPREAD     PAIR      MA_4     MA_16  PREV_SHORT  PREV_LONG    D_PREV     D_NOW
15 2024-05-21 04:20:00+00:00      41  1.27065  0.00018  GBP_USD  1.270657  1.270652    1.270650        NaN       NaN  0.000006
16 2024-05-21 04:21:00+00:00      56  1.27066  0.00018  GBP_USD  1.270657  1.270652    1.270657   1.270652  0.000006  0.000006
2024-05-21 09:22:10 Trade_decision:0
2024-05-21 09:22:10 
2024-05-21 09:22:10 
2024-05-21 09:22:10 get_trade_decision() pair:EUR_CHF max_rows:18
2024-05-21 09:22:11 Processed_df
                        time  volume    mid_c   SPREAD     PAIR      MA_4     MA_16  PREV_SHORT  PREV_LONG    D_PREV     D_NOW
16 2024-05-21 04:20:00+00:00       7  0.98904  0.00015  EUR_CHF  0.989067  0.989009    0.989080   0.989003  0.000077  0.000059
17 2024-05-21 04:21:00+00:00       2  0.98904  0.00015  EUR_CHF  0.989057  0.989015    0.989067   0.989009  0.000059  0.000042
2024-05-21 09:22:11 Trade_decision:0
2024-05-21 09:22:11 
2024-05-21 09:23:11 
2024-05-21 09:23:11 get_trade_decision() pair:EUR_USD max_rows:18
2024-05-21 09:23:11 Processed_df
                        time  volume   mid_c   SPREAD     PAIR      MA_4     MA_16  PREV_SHORT  PREV_LONG    D_PREV     D_NOW
15 2024-05-21 04:21:00+00:00       8  1.0856  0.00014  EUR_USD  1.085595  1.085591    1.085595        NaN       NaN  0.000004
16 2024-05-21 04:22:00+00:00       4  1.0856  0.00014  EUR_USD  1.085600  1.085591    1.085595   1.085591  0.000004  0.000009
2024-05-21 09:23:11 Trade_decision:0
2024-05-21 09:23:11 
2024-05-21 09:23:11 
2024-05-21 09:23:11 get_trade_decision() pair:GBP_JPY max_rows:18
2024-05-21 09:23:11 Processed_df
                        time  volume    mid_c  SPREAD     PAIR       MA_4       MA_16  PREV_SHORT   PREV_LONG    D_PREV     D_NOW
15 2024-05-21 04:21:00+00:00      92  198.850   0.027  GBP_JPY  198.85250  198.861938   198.85275         NaN       NaN -0.009437
16 2024-05-21 04:22:00+00:00      75  198.839   0.030  GBP_JPY  198.84875  198.862000   198.85250  198.861938 -0.009437 -0.013250
2024-05-21 09:23:11 Trade_decision:0
2024-05-21 09:23:11 
2024-05-21 09:23:11 
2024-05-21 09:23:11 get_trade_decision() pair:AUD_USD max_rows:18
2024-05-21 09:23:12 Processed_df
                        time  volume    mid_c   SPREAD     PAIR      MA_4     MA_16  PREV_SHORT  PREV_LONG    D_PREV     D_NOW
15 2024-05-21 04:21:00+00:00      23  0.66543  0.00012  AUD_USD  0.665505  0.665596    0.665538        NaN       NaN -0.000091
16 2024-05-21 04:22:00+00:00       7  0.66545  0.00012  AUD_USD  0.665488  0.665579    0.665505   0.665596 -0.000091 -0.000091
2024-05-21 09:23:12 Trade_decision:0
2024-05-21 09:23:12 
2024-05-21 09:23:12 
2024-05-21 09:23:12 get_trade_decision() pair:GBP_USD max_rows:18
2024-05-21 09:23:12 Processed_df
                        time  volume    mid_c   SPREAD     PAIR      MA_4     MA_16  PREV_SHORT  PREV_LONG    D_PREV     D_NOW
15 2024-05-21 04:21:00+00:00      56  1.27066  0.00018  GBP_USD  1.270657  1.270652    1.270657        NaN       NaN  0.000006
16 2024-05-21 04:22:00+00:00      35  1.27066  0.00018  GBP_USD  1.270657  1.270651    1.270657   1.270652  0.000006  0.000006
2024-05-21 09:23:12 Trade_decision:0
2024-05-21 09:23:12 
2024-05-21 09:23:12 
2024-05-21 09:23:12 get_trade_decision() pair:EUR_CHF max_rows:18
2024-05-21 09:23:13 Processed_df
                        time  volume    mid_c   SPREAD     PAIR      MA_4     MA_16  PREV_SHORT  PREV_LONG    D_PREV     D_NOW
16 2024-05-21 04:21:00+00:00       2  0.98904  0.00015  EUR_CHF  0.989057  0.989015    0.989067   0.989009  0.000059  0.000042
17 2024-05-21 04:22:00+00:00      13  0.98896  0.00015  EUR_CHF  0.989030  0.989016    0.989057   0.989015  0.000042  0.000014
2024-05-21 09:23:13 Trade_decision:0
2024-05-21 09:23:13 
2024-05-21 09:23:13 
2024-05-21 09:23:13 get_trade_decision() pair:EUR_GBP max_rows:18
2024-05-21 09:23:13 Processed_df
                        time  volume    mid_c   SPREAD     PAIR     MA_4     MA_16  PREV_SHORT  PREV_LONG        D_PREV     D_NOW
16 2024-05-21 04:20:00+00:00       4  0.85436  0.00014  EUR_GBP  0.85436  0.854362    0.854363   0.854363 -6.250000e-07 -0.000002
17 2024-05-21 04:22:00+00:00       4  0.85436  0.00013  EUR_GBP  0.85436  0.854361    0.854360   0.854362 -1.875000e-06 -0.000001
2024-05-21 09:23:13 Trade_decision:0
2024-05-21 09:23:13 
2024-05-21 09:24:13 
2024-05-21 09:24:13 get_trade_decision() pair:EUR_USD max_rows:18
2024-05-21 09:24:13 Processed_df
                        time  volume    mid_c   SPREAD     PAIR     MA_4     MA_16  PREV_SHORT  PREV_LONG    D_PREV     D_NOW
15 2024-05-21 04:22:00+00:00       4  1.08560  0.00014  EUR_USD  1.08560  1.085591    1.085595        NaN       NaN  0.000009
16 2024-05-21 04:23:00+00:00      20  1.08564  0.00015  EUR_USD  1.08561  1.085594    1.085600   1.085591  0.000009  0.000016
2024-05-21 09:24:13 Trade_decision:0
2024-05-21 09:24:13 
2024-05-21 09:24:13 
2024-05-21 09:24:13 get_trade_decision() pair:GBP_JPY max_rows:18
2024-05-21 09:24:13 Processed_df
                        time  volume    mid_c  SPREAD     PAIR       MA_4      MA_16  PREV_SHORT  PREV_LONG   D_PREV    D_NOW
15 2024-05-21 04:22:00+00:00      75  198.839   0.030  GBP_JPY  198.84875  198.86200   198.85250        NaN      NaN -0.01325
16 2024-05-21 04:23:00+00:00      72  198.822   0.031  GBP_JPY  198.84125  198.86075   198.84875    198.862 -0.01325 -0.01950
2024-05-21 09:24:13 Trade_decision:0
2024-05-21 09:24:13 
2024-05-21 09:24:13 
2024-05-21 09:24:13 get_trade_decision() pair:AUD_USD max_rows:18
2024-05-21 09:24:14 Processed_df
                        time  volume    mid_c   SPREAD     PAIR      MA_4     MA_16  PREV_SHORT  PREV_LONG    D_PREV     D_NOW
16 2024-05-21 04:22:00+00:00       7  0.66545  0.00012  AUD_USD  0.665488  0.665579    0.665505   0.665596 -0.000091 -0.000091
17 2024-05-21 04:23:00+00:00      11  0.66548  0.00012  AUD_USD  0.665470  0.665565    0.665488   0.665579 -0.000091 -0.000095
2024-05-21 09:24:14 Trade_decision:0
2024-05-21 09:24:14 
2024-05-21 09:24:14 
2024-05-21 09:24:14 get_trade_decision() pair:GBP_USD max_rows:18
2024-05-21 09:24:14 Processed_df
                        time  volume    mid_c   SPREAD     PAIR      MA_4     MA_16  PREV_SHORT  PREV_LONG    D_PREV     D_NOW
15 2024-05-21 04:22:00+00:00      35  1.27066  0.00018  GBP_USD  1.270657  1.270651    1.270657        NaN       NaN  0.000006
16 2024-05-21 04:23:00+00:00      35  1.27068  0.00018  GBP_USD  1.270662  1.270656    1.270657   1.270651  0.000006  0.000007
2024-05-21 09:24:14 Trade_decision:0
2024-05-21 09:24:14 
2024-05-21 09:24:14 
2024-05-21 09:24:14 get_trade_decision() pair:EUR_CHF max_rows:18
2024-05-21 09:24:14 Processed_df
                        time  volume    mid_c   SPREAD     PAIR      MA_4     MA_16  PREV_SHORT  PREV_LONG    D_PREV     D_NOW
15 2024-05-21 04:22:00+00:00      13  0.98896  0.00015  EUR_CHF  0.989030  0.989016    0.989058        NaN       NaN  0.000014
16 2024-05-21 04:23:00+00:00      12  0.98894  0.00017  EUR_CHF  0.988995  0.989016    0.989030   0.989016  0.000014 -0.000021
2024-05-21 09:24:14 Trade_decision:-1
2024-05-21 09:24:14 
2024-05-21 09:24:14 
2024-05-21 09:24:14 get_trade_decision() pair:EUR_GBP max_rows:18
2024-05-21 09:24:15 Processed_df
                        time  volume    mid_c   SPREAD     PAIR      MA_4     MA_16  PREV_SHORT  PREV_LONG    D_PREV     D_NOW
15 2024-05-21 04:22:00+00:00       4  0.85436  0.00013  EUR_GBP  0.854360  0.854361     0.85436        NaN       NaN -0.000001
16 2024-05-21 04:23:00+00:00       4  0.85438  0.00014  EUR_GBP  0.854365  0.854363     0.85436   0.854361 -0.000001  0.000003
2024-05-21 09:24:15 Trade_decision:1
2024-05-21 09:24:15 
2024-05-21 09:25:04 
2024-05-21 09:25:04 get_trade_decision() pair:EUR_USD max_rows:18
2024-05-21 09:25:04 Processed_df
                        time  volume    mid_c   SPREAD     PAIR      MA_4     MA_16  PREV_SHORT  PREV_LONG    D_PREV     D_NOW
15 2024-05-21 04:23:00+00:00      20  1.08564  0.00015  EUR_USD  1.085610  1.085594     1.08560        NaN       NaN  0.000016
16 2024-05-21 04:24:00+00:00       8  1.08563  0.00014  EUR_USD  1.085617  1.085599     1.08561   1.085594  0.000016  0.000019
2024-05-21 09:25:04 Trade_decision:0
2024-05-21 09:25:04 
2024-05-21 09:25:04 
2024-05-21 09:25:04 get_trade_decision() pair:GBP_JPY max_rows:18
2024-05-21 09:25:04 Processed_df
                        time  volume    mid_c  SPREAD     PAIR       MA_4       MA_16  PREV_SHORT  PREV_LONG  D_PREV     D_NOW
15 2024-05-21 04:23:00+00:00      72  198.822   0.031  GBP_JPY  198.84125  198.860750   198.84875        NaN     NaN -0.019500
16 2024-05-21 04:24:00+00:00      65  198.812   0.031  GBP_JPY  198.83075  198.858875   198.84125  198.86075 -0.0195 -0.028125
2024-05-21 09:25:04 Trade_decision:0
2024-05-21 09:25:04 
2024-05-21 09:25:04 
2024-05-21 09:25:04 get_trade_decision() pair:GBP_USD max_rows:18
2024-05-21 09:25:05 Processed_df
                        time  volume    mid_c   SPREAD     PAIR      MA_4     MA_16  PREV_SHORT  PREV_LONG    D_PREV     D_NOW
15 2024-05-21 04:23:00+00:00      35  1.27068  0.00018  GBP_USD  1.270662  1.270656    1.270657        NaN       NaN  0.000007
16 2024-05-21 04:24:00+00:00      37  1.27072  0.00018  GBP_USD  1.270680  1.270664    1.270662   1.270656  0.000007  0.000016
2024-05-21 09:25:05 Trade_decision:0
2024-05-21 09:25:05 
2024-05-21 09:25:17 
2024-05-21 09:25:17 get_trade_decision() pair:EUR_CHF max_rows:18
2024-05-21 09:25:17 Processed_df
                        time  volume    mid_c   SPREAD     PAIR      MA_4     MA_16  PREV_SHORT  PREV_LONG    D_PREV     D_NOW
15 2024-05-21 04:23:00+00:00      12  0.98894  0.00017  EUR_CHF  0.988995  0.989016    0.989030        NaN       NaN -0.000021
16 2024-05-21 04:24:00+00:00      10  0.98894  0.00017  EUR_CHF  0.988970  0.989017    0.988995   0.989016 -0.000021 -0.000047
2024-05-21 09:25:17 Trade_decision:0
2024-05-21 09:25:17 
2024-05-21 09:25:17 
2024-05-21 09:25:17 get_trade_decision() pair:EUR_GBP max_rows:18
2024-05-21 09:25:17 Processed_df
                        time  volume    mid_c   SPREAD     PAIR      MA_4     MA_16  PREV_SHORT  PREV_LONG    D_PREV     D_NOW
16 2024-05-21 04:23:00+00:00       4  0.85438  0.00014  EUR_GBP  0.854365  0.854363    0.854360   0.854361 -0.000001  0.000003
17 2024-05-21 04:24:00+00:00      12  0.85436  0.00013  EUR_GBP  0.854365  0.854363    0.854365   0.854363  0.000003  0.000003
2024-05-21 09:25:17 Trade_decision:0
2024-05-21 09:25:17 
2024-05-21 09:26:04 
2024-05-21 09:26:04 get_trade_decision() pair:GBP_JPY max_rows:18
2024-05-21 09:26:05 Processed_df
                        time  volume    mid_c  SPREAD     PAIR       MA_4       MA_16  PREV_SHORT   PREV_LONG    D_PREV     D_NOW
15 2024-05-21 04:24:00+00:00      65  198.812   0.031  GBP_JPY  198.83075  198.858875   198.84125         NaN       NaN -0.028125
16 2024-05-21 04:25:00+00:00      84  198.809   0.030  GBP_JPY  198.82050  198.855562   198.83075  198.858875 -0.028125 -0.035063
2024-05-21 09:26:05 Trade_decision:0
2024-05-21 09:26:05 
2024-05-21 09:26:05 
2024-05-21 09:26:05 get_trade_decision() pair:GBP_USD max_rows:18
2024-05-21 09:26:05 Processed_df
                        time  volume    mid_c   SPREAD     PAIR      MA_4     MA_16  PREV_SHORT  PREV_LONG    D_PREV     D_NOW
15 2024-05-21 04:24:00+00:00      37  1.27072  0.00018  GBP_USD  1.270680  1.270664    1.270663        NaN       NaN  0.000016
16 2024-05-21 04:25:00+00:00      35  1.27068  0.00016  GBP_USD  1.270685  1.270667    1.270680   1.270664  0.000016  0.000018
2024-05-21 09:26:05 Trade_decision:0
2024-05-21 09:26:05 
2024-05-21 09:26:05 
2024-05-21 09:26:05 get_trade_decision() pair:EUR_CHF max_rows:18
2024-05-21 09:26:06 Processed_df
                        time  volume    mid_c   SPREAD     PAIR      MA_4     MA_16  PREV_SHORT  PREV_LONG    D_PREV     D_NOW
15 2024-05-21 04:24:00+00:00      10  0.98894  0.00017  EUR_CHF  0.988970  0.989017    0.988995        NaN       NaN -0.000047
16 2024-05-21 04:25:00+00:00      19  0.98891  0.00016  EUR_CHF  0.988938  0.989017    0.988970   0.989017 -0.000047 -0.000079
2024-05-21 09:26:06 Trade_decision:0
2024-05-21 09:26:06 
2024-05-21 09:26:17 
2024-05-21 09:26:17 get_trade_decision() pair:EUR_USD max_rows:18
2024-05-21 09:26:18 Processed_df
                        time  volume    mid_c   SPREAD     PAIR      MA_4     MA_16  PREV_SHORT  PREV_LONG    D_PREV     D_NOW
16 2024-05-21 04:24:00+00:00       8  1.08563  0.00014  EUR_USD  1.085617  1.085599    1.085610   1.085594  0.000016  0.000019
17 2024-05-21 04:25:00+00:00       8  1.08560  0.00014  EUR_USD  1.085618  1.085602    1.085617   1.085599  0.000019  0.000016
2024-05-21 09:26:18 Trade_decision:0
2024-05-21 09:26:18 
2024-05-21 09:26:18 
2024-05-21 09:26:18 get_trade_decision() pair:AUD_USD max_rows:18
2024-05-21 09:26:18 Processed_df
                        time  volume    mid_c   SPREAD     PAIR     MA_4     MA_16  PREV_SHORT  PREV_LONG    D_PREV     D_NOW
16 2024-05-21 04:23:00+00:00      11  0.66548  0.00012  AUD_USD  0.66547  0.665565    0.665488   0.665579 -0.000091 -0.000095
17 2024-05-21 04:25:00+00:00      31  0.66548  0.00012  AUD_USD  0.66546  0.665554    0.665470   0.665565 -0.000095 -0.000094
2024-05-21 09:26:18 Trade_decision:0
2024-05-21 09:26:18 
2024-05-21 09:27:06 
2024-05-21 09:27:06 get_trade_decision() pair:EUR_USD max_rows:18
2024-05-21 09:27:06 Processed_df
                        time  volume   mid_c   SPREAD     PAIR      MA_4     MA_16  PREV_SHORT  PREV_LONG    D_PREV     D_NOW
15 2024-05-21 04:25:00+00:00       8  1.0856  0.00014  EUR_USD  1.085618  1.085602    1.085617        NaN       NaN  0.000016
16 2024-05-21 04:26:00+00:00       4  1.0856  0.00014  EUR_USD  1.085617  1.085602    1.085618   1.085602  0.000016  0.000016
2024-05-21 09:27:06 Trade_decision:0
2024-05-21 09:27:06 
2024-05-21 09:27:06 
2024-05-21 09:27:06 get_trade_decision() pair:GBP_JPY max_rows:18
2024-05-21 09:27:06 Processed_df
                        time  volume    mid_c  SPREAD     PAIR      MA_4       MA_16  PREV_SHORT   PREV_LONG    D_PREV     D_NOW
15 2024-05-21 04:25:00+00:00      84  198.809   0.030  GBP_JPY  198.8205  198.855562   198.83075         NaN       NaN -0.035063
16 2024-05-21 04:26:00+00:00      57  198.813   0.032  GBP_JPY  198.8140  198.851812   198.82050  198.855562 -0.035063 -0.037813
2024-05-21 09:27:06 Trade_decision:0
2024-05-21 09:27:06 
2024-05-21 09:27:06 
2024-05-21 09:27:06 get_trade_decision() pair:GBP_USD max_rows:18
2024-05-21 09:27:07 Processed_df
                        time  volume    mid_c   SPREAD     PAIR      MA_4     MA_16  PREV_SHORT  PREV_LONG    D_PREV     D_NOW
15 2024-05-21 04:25:00+00:00      35  1.27068  0.00016  GBP_USD  1.270685  1.270667    1.270680        NaN       NaN  0.000018
16 2024-05-21 04:26:00+00:00      18  1.27070  0.00017  GBP_USD  1.270695  1.270668    1.270685   1.270667  0.000018  0.000027
2024-05-21 09:27:07 Trade_decision:0
2024-05-21 09:27:07 
2024-05-21 09:27:07 
2024-05-21 09:27:07 get_trade_decision() pair:EUR_CHF max_rows:18
2024-05-21 09:27:07 Processed_df
                        time  volume    mid_c   SPREAD     PAIR      MA_4     MA_16  PREV_SHORT  PREV_LONG    D_PREV     D_NOW
15 2024-05-21 04:25:00+00:00      19  0.98891  0.00016  EUR_CHF  0.988938  0.989017    0.988970        NaN       NaN -0.000079
16 2024-05-21 04:26:00+00:00      29  0.98890  0.00017  EUR_CHF  0.988923  0.989015    0.988938   0.989017 -0.000079 -0.000092
2024-05-21 09:27:07 Trade_decision:0
2024-05-21 09:27:07 
2024-05-21 09:27:19 
2024-05-21 09:27:19 get_trade_decision() pair:AUD_USD max_rows:18
2024-05-21 09:27:19 Processed_df
                        time  volume    mid_c   SPREAD     PAIR      MA_4     MA_16  PREV_SHORT  PREV_LONG    D_PREV     D_NOW
15 2024-05-21 04:25:00+00:00      31  0.66548  0.00012  AUD_USD  0.665460  0.665554     0.66547        NaN       NaN -0.000094
16 2024-05-21 04:26:00+00:00       8  0.66548  0.00011  AUD_USD  0.665472  0.665538     0.66546   0.665554 -0.000094 -0.000066
2024-05-21 09:27:19 Trade_decision:0
2024-05-21 09:27:19 
2024-05-21 09:28:07 
2024-05-21 09:28:07 get_trade_decision() pair:EUR_USD max_rows:18
2024-05-21 09:28:07 Processed_df
                        time  volume    mid_c   SPREAD     PAIR      MA_4     MA_16  PREV_SHORT  PREV_LONG    D_PREV     D_NOW
15 2024-05-21 04:26:00+00:00       4  1.08560  0.00014  EUR_USD  1.085617  1.085602    1.085618        NaN       NaN  0.000016
16 2024-05-21 04:27:00+00:00       9  1.08568  0.00014  EUR_USD  1.085627  1.085607    1.085617   1.085602  0.000016  0.000021
2024-05-21 09:28:07 Trade_decision:0
2024-05-21 09:28:07 
2024-05-21 09:28:07 
2024-05-21 09:28:07 get_trade_decision() pair:GBP_JPY max_rows:18
2024-05-21 09:28:08 Processed_df
                        time  volume    mid_c  SPREAD     PAIR       MA_4       MA_16  PREV_SHORT   PREV_LONG    D_PREV     D_NOW
15 2024-05-21 04:26:00+00:00      57  198.813   0.032  GBP_JPY  198.81400  198.851812    198.8205         NaN       NaN -0.037813
16 2024-05-21 04:27:00+00:00      80  198.809   0.032  GBP_JPY  198.81075  198.847438    198.8140  198.851812 -0.037813 -0.036688
2024-05-21 09:28:08 Trade_decision:0
2024-05-21 09:28:08 
2024-05-21 09:28:08 
2024-05-21 09:28:08 get_trade_decision() pair:AUD_USD max_rows:18
2024-05-21 09:28:08 Processed_df
                        time  volume    mid_c   SPREAD     PAIR      MA_4     MA_16  PREV_SHORT  PREV_LONG    D_PREV     D_NOW
15 2024-05-21 04:26:00+00:00       8  0.66548  0.00011  AUD_USD  0.665472  0.665538    0.665460        NaN       NaN -0.000066
16 2024-05-21 04:27:00+00:00      22  0.66552  0.00011  AUD_USD  0.665490  0.665528    0.665472   0.665538 -0.000066 -0.000038
2024-05-21 09:28:08 Trade_decision:0
2024-05-21 09:28:08 
2024-05-21 09:28:08 
2024-05-21 09:28:08 get_trade_decision() pair:GBP_USD max_rows:18
2024-05-21 09:28:08 Processed_df
                        time  volume   mid_c   SPREAD     PAIR      MA_4     MA_16  PREV_SHORT  PREV_LONG    D_PREV     D_NOW
15 2024-05-21 04:26:00+00:00      18  1.2707  0.00017  GBP_USD  1.270695  1.270668    1.270685        NaN       NaN  0.000027
16 2024-05-21 04:27:00+00:00      33  1.2708  0.00017  GBP_USD  1.270725  1.270676    1.270695   1.270668  0.000027  0.000049
2024-05-21 09:28:08 Trade_decision:0
2024-05-21 09:28:08 
2024-05-21 09:28:08 
2024-05-21 09:28:08 get_trade_decision() pair:EUR_CHF max_rows:18
2024-05-21 09:28:09 Processed_df
                        time  volume   mid_c   SPREAD     PAIR      MA_4     MA_16  PREV_SHORT  PREV_LONG    D_PREV     D_NOW
15 2024-05-21 04:26:00+00:00      29  0.9889  0.00017  EUR_CHF  0.988923  0.989015    0.988938        NaN       NaN -0.000092
16 2024-05-21 04:27:00+00:00      16  0.9889  0.00015  EUR_CHF  0.988913  0.989013    0.988923   0.989015 -0.000092 -0.000100
2024-05-21 09:28:09 Trade_decision:0
2024-05-21 09:28:09 
2024-05-21 09:28:09 
2024-05-21 09:28:09 get_trade_decision() pair:EUR_GBP max_rows:18
2024-05-21 09:28:09 Processed_df
                        time  volume    mid_c   SPREAD     PAIR      MA_4     MA_16  PREV_SHORT  PREV_LONG    D_PREV         D_NOW
16 2024-05-21 04:24:00+00:00      12  0.85436  0.00013  EUR_GBP  0.854365  0.854363    0.854365   0.854363  0.000003  2.500000e-06
17 2024-05-21 04:27:00+00:00       2  0.85435  0.00014  EUR_GBP  0.854363  0.854362    0.854365   0.854363  0.000003  6.250000e-07
2024-05-21 09:28:09 Trade_decision:0
2024-05-21 09:28:09 
2024-05-21 09:29:09 
2024-05-21 09:29:09 get_trade_decision() pair:EUR_USD max_rows:18
2024-05-21 09:29:10 Processed_df
                        time  volume    mid_c   SPREAD     PAIR      MA_4     MA_16  PREV_SHORT  PREV_LONG    D_PREV     D_NOW
15 2024-05-21 04:27:00+00:00       9  1.08568  0.00014  EUR_USD  1.085627  1.085607    1.085617        NaN       NaN  0.000021
16 2024-05-21 04:28:00+00:00      13  1.08566  0.00015  EUR_USD  1.085635  1.085611    1.085627   1.085607  0.000021  0.000024
2024-05-21 09:29:10 Trade_decision:0
2024-05-21 09:29:10 
2024-05-21 09:29:10 
2024-05-21 09:29:10 get_trade_decision() pair:GBP_JPY max_rows:18
2024-05-21 09:29:10 Processed_df
                        time  volume    mid_c  SPREAD     PAIR       MA_4       MA_16  PREV_SHORT   PREV_LONG    D_PREV     D_NOW
15 2024-05-21 04:27:00+00:00      80  198.809   0.032  GBP_JPY  198.81075  198.847438   198.81400         NaN       NaN -0.036688
16 2024-05-21 04:28:00+00:00      66  198.808   0.035  GBP_JPY  198.80975  198.843625   198.81075  198.847438 -0.036688 -0.033875
2024-05-21 09:29:10 Trade_decision:0
2024-05-21 09:29:10 
2024-05-21 09:29:10 
2024-05-21 09:29:10 get_trade_decision() pair:AUD_USD max_rows:18
2024-05-21 09:29:11 Processed_df
                        time  volume    mid_c   SPREAD     PAIR      MA_4     MA_16  PREV_SHORT  PREV_LONG    D_PREV     D_NOW
15 2024-05-21 04:27:00+00:00      22  0.66552  0.00011  AUD_USD  0.665490  0.665528    0.665472        NaN       NaN -0.000038
16 2024-05-21 04:28:00+00:00      11  0.66549  0.00012  AUD_USD  0.665493  0.665519    0.665490   0.665528 -0.000038 -0.000026
2024-05-21 09:29:11 Trade_decision:0
2024-05-21 09:29:11 
2024-05-21 09:29:11 
2024-05-21 09:29:11 get_trade_decision() pair:GBP_USD max_rows:18
2024-05-21 09:29:11 Processed_df
                        time  volume    mid_c   SPREAD     PAIR      MA_4     MA_16  PREV_SHORT  PREV_LONG    D_PREV     D_NOW
15 2024-05-21 04:27:00+00:00      33  1.27080  0.00017  GBP_USD  1.270725  1.270676    1.270695        NaN       NaN  0.000049
16 2024-05-21 04:28:00+00:00      15  1.27079  0.00016  GBP_USD  1.270743  1.270683    1.270725   1.270676  0.000049  0.000060
2024-05-21 09:29:11 Trade_decision:0
2024-05-21 09:29:11 
2024-05-21 09:29:11 
2024-05-21 09:29:11 get_trade_decision() pair:EUR_CHF max_rows:18
2024-05-21 09:29:12 Processed_df
                        time  volume   mid_c   SPREAD     PAIR      MA_4     MA_16  PREV_SHORT  PREV_LONG  D_PREV   D_NOW
15 2024-05-21 04:27:00+00:00      16  0.9889  0.00015  EUR_CHF  0.988913  0.989012    0.988923        NaN     NaN -0.0001
16 2024-05-21 04:28:00+00:00      30  0.9889  0.00015  EUR_CHF  0.988902  0.989003    0.988913   0.989012 -0.0001 -0.0001
2024-05-21 09:29:12 Trade_decision:0
2024-05-21 09:29:12 
2024-05-21 09:29:12 
2024-05-21 09:29:12 get_trade_decision() pair:EUR_GBP max_rows:18
2024-05-21 09:29:12 Processed_df
                        time  volume    mid_c   SPREAD     PAIR      MA_4     MA_16  PREV_SHORT  PREV_LONG        D_PREV         D_NOW
15 2024-05-21 04:27:00+00:00       2  0.85435  0.00014  EUR_GBP  0.854363  0.854362    0.854365        NaN           NaN  6.250000e-07
16 2024-05-21 04:28:00+00:00       1  0.85432  0.00015  EUR_GBP  0.854353  0.854359    0.854363   0.854362  6.250000e-07 -6.875000e-06
2024-05-21 09:29:12 Trade_decision:-1
2024-05-21 09:29:12 
2024-05-21 09:30:01 
2024-05-21 09:30:01 get_trade_decision() pair:EUR_GBP max_rows:18
2024-05-21 09:30:02 Processed_df
                        time  volume    mid_c   SPREAD     PAIR      MA_4     MA_16  PREV_SHORT  PREV_LONG    D_PREV     D_NOW
15 2024-05-21 04:28:00+00:00       1  0.85432  0.00015  EUR_GBP  0.854352  0.854359    0.854363        NaN       NaN -0.000007
16 2024-05-21 04:29:00+00:00       3  0.85435  0.00014  EUR_GBP  0.854345  0.854359    0.854352   0.854359 -0.000007 -0.000014
2024-05-21 09:30:02 Trade_decision:0
2024-05-21 09:30:02 
2024-05-21 09:30:14 
2024-05-21 09:30:14 get_trade_decision() pair:EUR_USD max_rows:18
2024-05-21 09:30:14 Processed_df
                        time  volume    mid_c   SPREAD     PAIR      MA_4     MA_16  PREV_SHORT  PREV_LONG    D_PREV     D_NOW
15 2024-05-21 04:28:00+00:00      13  1.08566  0.00015  EUR_USD  1.085635  1.085611    1.085627        NaN       NaN  0.000024
16 2024-05-21 04:29:00+00:00      12  1.08566  0.00015  EUR_USD  1.085650  1.085615    1.085635   1.085611  0.000024  0.000035
2024-05-21 09:30:14 Trade_decision:0
2024-05-21 09:30:14 
2024-05-21 09:30:14 
2024-05-21 09:30:14 get_trade_decision() pair:GBP_JPY max_rows:18
2024-05-21 09:30:15 Processed_df
                        time  volume    mid_c  SPREAD     PAIR       MA_4       MA_16  PREV_SHORT   PREV_LONG    D_PREV     D_NOW
15 2024-05-21 04:28:00+00:00      66  198.808   0.035  GBP_JPY  198.80975  198.843625   198.81075         NaN       NaN -0.033875
16 2024-05-21 04:29:00+00:00     111  198.808   0.029  GBP_JPY  198.80950  198.838750   198.80975  198.843625 -0.033875 -0.029250
2024-05-21 09:30:15 Trade_decision:0
2024-05-21 09:30:15 
2024-05-21 09:30:15 
2024-05-21 09:30:15 get_trade_decision() pair:AUD_USD max_rows:18
2024-05-21 09:30:15 Processed_df
                        time  volume    mid_c   SPREAD     PAIR      MA_4     MA_16  PREV_SHORT  PREV_LONG    D_PREV     D_NOW
15 2024-05-21 04:28:00+00:00      11  0.66549  0.00012  AUD_USD  0.665493  0.665519    0.665490        NaN       NaN -0.000026
16 2024-05-21 04:29:00+00:00      18  0.66544  0.00013  AUD_USD  0.665482  0.665508    0.665493   0.665519 -0.000026 -0.000026
2024-05-21 09:30:15 Trade_decision:0
2024-05-21 09:30:15 
2024-05-21 09:30:15 
2024-05-21 09:30:15 get_trade_decision() pair:GBP_USD max_rows:18
2024-05-21 09:30:15 Processed_df
                        time  volume    mid_c   SPREAD     PAIR      MA_4     MA_16  PREV_SHORT  PREV_LONG   D_PREV     D_NOW
15 2024-05-21 04:28:00+00:00      15  1.27079  0.00016  GBP_USD  1.270743  1.270682    1.270725        NaN      NaN  0.000060
16 2024-05-21 04:29:00+00:00      27  1.27078  0.00017  GBP_USD  1.270767  1.270689    1.270743   1.270682  0.00006  0.000078
2024-05-21 09:30:15 Trade_decision:0
2024-05-21 09:30:15 
2024-05-21 09:30:15 
2024-05-21 09:30:15 get_trade_decision() pair:EUR_CHF max_rows:18
2024-05-21 09:30:16 Processed_df
                        time  volume    mid_c   SPREAD     PAIR      MA_4     MA_16  PREV_SHORT  PREV_LONG  D_PREV     D_NOW
15 2024-05-21 04:28:00+00:00      30  0.98890  0.00015  EUR_CHF  0.988903  0.989003    0.988912        NaN     NaN -0.000100
16 2024-05-21 04:29:00+00:00      16  0.98896  0.00017  EUR_CHF  0.988915  0.988996    0.988903   0.989003 -0.0001 -0.000081
2024-05-21 09:30:16 Trade_decision:0
2024-05-21 09:30:16 
2024-05-21 09:31:04 
2024-05-21 09:31:04 get_trade_decision() pair:EUR_USD max_rows:18
2024-05-21 09:31:04 Processed_df
                        time  volume    mid_c   SPREAD     PAIR     MA_4     MA_16  PREV_SHORT  PREV_LONG    D_PREV     D_NOW
15 2024-05-21 04:29:00+00:00      12  1.08566  0.00015  EUR_USD  1.08565  1.085615    1.085635        NaN       NaN  0.000035
16 2024-05-21 04:30:00+00:00      17  1.08572  0.00015  EUR_USD  1.08568  1.085622    1.085650   1.085615  0.000035  0.000058
2024-05-21 09:31:04 Trade_decision:0
2024-05-21 09:31:04 
2024-05-21 09:31:04 
2024-05-21 09:31:04 get_trade_decision() pair:GBP_JPY max_rows:18
2024-05-21 09:31:05 Processed_df
                        time  volume    mid_c  SPREAD     PAIR      MA_4       MA_16  PREV_SHORT  PREV_LONG   D_PREV     D_NOW
15 2024-05-21 04:29:00+00:00     111  198.808   0.029  GBP_JPY  198.8095  198.838750   198.80975        NaN      NaN -0.029250
16 2024-05-21 04:30:00+00:00     130  198.809   0.032  GBP_JPY  198.8085  198.833312   198.80950  198.83875 -0.02925 -0.024812
2024-05-21 09:31:05 Trade_decision:0
2024-05-21 09:31:05 
2024-05-21 09:31:05 
2024-05-21 09:31:05 get_trade_decision() pair:AUD_USD max_rows:18
2024-05-21 09:31:05 Processed_df
                        time  volume    mid_c   SPREAD     PAIR      MA_4     MA_16  PREV_SHORT  PREV_LONG    D_PREV     D_NOW
15 2024-05-21 04:29:00+00:00      18  0.66544  0.00013  AUD_USD  0.665482  0.665508    0.665493        NaN       NaN -0.000026
16 2024-05-21 04:30:00+00:00      20  0.66539  0.00012  AUD_USD  0.665460  0.665496    0.665482   0.665508 -0.000026 -0.000036
2024-05-21 09:31:05 Trade_decision:0
2024-05-21 09:31:05 
2024-05-21 09:31:05 
2024-05-21 09:31:05 get_trade_decision() pair:GBP_USD max_rows:18
2024-05-21 09:31:05 Processed_df
                        time  volume    mid_c   SPREAD     PAIR      MA_4     MA_16  PREV_SHORT  PREV_LONG    D_PREV     D_NOW
15 2024-05-21 04:29:00+00:00      27  1.27078  0.00017  GBP_USD  1.270767  1.270689    1.270743        NaN       NaN  0.000078
16 2024-05-21 04:30:00+00:00      38  1.27080  0.00016  GBP_USD  1.270792  1.270697    1.270767   1.270689  0.000078  0.000096
2024-05-21 09:31:05 Trade_decision:0
2024-05-21 09:31:05 
2024-05-21 09:31:05 
2024-05-21 09:31:05 get_trade_decision() pair:EUR_CHF max_rows:18
2024-05-21 09:31:06 Processed_df
                        time  volume    mid_c   SPREAD     PAIR      MA_4     MA_16  PREV_SHORT  PREV_LONG    D_PREV     D_NOW
15 2024-05-21 04:29:00+00:00      16  0.98896  0.00017  EUR_CHF  0.988915  0.988996    0.988902        NaN       NaN -0.000081
16 2024-05-21 04:30:00+00:00      19  0.98894  0.00018  EUR_CHF  0.988925  0.988989    0.988915   0.988996 -0.000081 -0.000064
2024-05-21 09:31:06 Trade_decision:0
2024-05-21 09:31:06 
2024-05-21 09:31:18 
2024-05-21 09:31:18 get_trade_decision() pair:EUR_GBP max_rows:18
2024-05-21 09:31:18 Processed_df
                        time  volume    mid_c   SPREAD     PAIR      MA_4     MA_16  PREV_SHORT  PREV_LONG    D_PREV     D_NOW
16 2024-05-21 04:29:00+00:00       3  0.85435  0.00014  EUR_GBP  0.854345  0.854359    0.854352   0.854359 -0.000007 -0.000014
17 2024-05-21 04:30:00+00:00       4  0.85436  0.00013  EUR_GBP  0.854345  0.854359    0.854345   0.854359 -0.000014 -0.000014
2024-05-21 09:31:18 Trade_decision:0
2024-05-21 09:31:18 
2024-05-21 09:32:07 
2024-05-21 09:32:07 get_trade_decision() pair:EUR_USD max_rows:18
2024-05-21 09:32:08 Processed_df
                        time  volume    mid_c   SPREAD     PAIR      MA_4     MA_16  PREV_SHORT  PREV_LONG    D_PREV     D_NOW
15 2024-05-21 04:30:00+00:00      17  1.08572  0.00015  EUR_USD  1.085680  1.085622     1.08565        NaN       NaN  0.000058
16 2024-05-21 04:31:00+00:00      17  1.08570  0.00016  EUR_USD  1.085685  1.085629     1.08568   1.085622  0.000058  0.000056
2024-05-21 09:32:08 Trade_decision:0
2024-05-21 09:32:08 
2024-05-21 09:32:08 
2024-05-21 09:32:08 get_trade_decision() pair:GBP_JPY max_rows:18
2024-05-21 09:32:08 Processed_df
                        time  volume    mid_c  SPREAD     PAIR       MA_4       MA_16  PREV_SHORT   PREV_LONG    D_PREV     D_NOW
15 2024-05-21 04:30:00+00:00     130  198.809   0.032  GBP_JPY  198.80850  198.833313    198.8095         NaN       NaN -0.024813
16 2024-05-21 04:31:00+00:00      60  198.812   0.029  GBP_JPY  198.80925  198.828937    198.8085  198.833313 -0.024813 -0.019688
2024-05-21 09:32:08 Trade_decision:0
2024-05-21 09:32:08 
2024-05-21 09:32:08 
2024-05-21 09:32:08 get_trade_decision() pair:AUD_USD max_rows:18
2024-05-21 09:32:08 Processed_df
                        time  volume    mid_c   SPREAD     PAIR      MA_4     MA_16  PREV_SHORT  PREV_LONG    D_PREV     D_NOW
15 2024-05-21 04:30:00+00:00      20  0.66539  0.00012  AUD_USD  0.665460  0.665496    0.665482        NaN       NaN -0.000036
16 2024-05-21 04:31:00+00:00      23  0.66534  0.00014  AUD_USD  0.665415  0.665481    0.665460   0.665496 -0.000036 -0.000066
2024-05-21 09:32:08 Trade_decision:0
2024-05-21 09:32:08 
2024-05-21 09:32:08 
2024-05-21 09:32:08 get_trade_decision() pair:GBP_USD max_rows:18
2024-05-21 09:32:09 Processed_df
                        time  volume    mid_c   SPREAD     PAIR      MA_4     MA_16  PREV_SHORT  PREV_LONG    D_PREV     D_NOW
15 2024-05-21 04:30:00+00:00      38  1.27080  0.00016  GBP_USD  1.270792  1.270697    1.270767        NaN       NaN  0.000096
16 2024-05-21 04:31:00+00:00      21  1.27078  0.00017  GBP_USD  1.270787  1.270706    1.270792   1.270697  0.000096  0.000081
2024-05-21 09:32:09 Trade_decision:0
2024-05-21 09:32:09 
2024-05-21 09:32:09 
2024-05-21 09:32:09 get_trade_decision() pair:EUR_CHF max_rows:18
2024-05-21 09:32:09 Processed_df
                        time  volume    mid_c   SPREAD     PAIR      MA_4     MA_16  PREV_SHORT  PREV_LONG    D_PREV     D_NOW
15 2024-05-21 04:30:00+00:00      19  0.98894  0.00018  EUR_CHF  0.988925  0.988989    0.988915        NaN       NaN -0.000064
16 2024-05-21 04:31:00+00:00       7  0.98896  0.00016  EUR_CHF  0.988940  0.988982    0.988925   0.988989 -0.000064 -0.000042
2024-05-21 09:32:09 Trade_decision:0
2024-05-21 09:32:09 
2024-05-21 09:32:09 
2024-05-21 09:32:09 get_trade_decision() pair:EUR_GBP max_rows:18
2024-05-21 09:32:10 Processed_df
                        time  volume    mid_c   SPREAD     PAIR      MA_4     MA_16  PREV_SHORT  PREV_LONG    D_PREV     D_NOW
16 2024-05-21 04:30:00+00:00       4  0.85436  0.00013  EUR_GBP  0.854345  0.854359    0.854345   0.854359 -0.000014 -0.000014
17 2024-05-21 04:31:00+00:00       1  0.85436  0.00015  EUR_GBP  0.854348  0.854357    0.854345   0.854359 -0.000014 -0.000010
2024-05-21 09:32:10 Trade_decision:0
2024-05-21 09:32:10 
2024-05-21 09:33:09 
2024-05-21 09:33:09 get_trade_decision() pair:EUR_USD max_rows:18
2024-05-21 09:33:10 Processed_df
                        time  volume    mid_c   SPREAD     PAIR      MA_4     MA_16  PREV_SHORT  PREV_LONG    D_PREV     D_NOW
15 2024-05-21 04:31:00+00:00      17  1.08570  0.00016  EUR_USD  1.085685  1.085629    1.085680        NaN       NaN  0.000056
16 2024-05-21 04:32:00+00:00      15  1.08572  0.00015  EUR_USD  1.085700  1.085637    1.085685   1.085629  0.000056  0.000063
2024-05-21 09:33:10 Trade_decision:0
2024-05-21 09:33:10 
2024-05-21 09:33:10 
2024-05-21 09:33:10 get_trade_decision() pair:GBP_JPY max_rows:18
2024-05-21 09:33:10 Processed_df
                        time  volume    mid_c  SPREAD     PAIR       MA_4       MA_16  PREV_SHORT   PREV_LONG    D_PREV     D_NOW
15 2024-05-21 04:31:00+00:00      60  198.812   0.029  GBP_JPY  198.80925  198.828937   198.80850         NaN       NaN -0.019688
16 2024-05-21 04:32:00+00:00      84  198.812   0.031  GBP_JPY  198.81025  198.825875   198.80925  198.828937 -0.019688 -0.015625
2024-05-21 09:33:10 Trade_decision:0
2024-05-21 09:33:10 
2024-05-21 09:33:10 
2024-05-21 09:33:10 get_trade_decision() pair:AUD_USD max_rows:18
2024-05-21 09:33:10 Processed_df
                        time  volume    mid_c   SPREAD     PAIR      MA_4     MA_16  PREV_SHORT  PREV_LONG    D_PREV     D_NOW
16 2024-05-21 04:31:00+00:00      23  0.66534  0.00014  AUD_USD  0.665415  0.665481    0.665460   0.665496 -0.000036 -0.000066
17 2024-05-21 04:32:00+00:00      24  0.66536  0.00011  AUD_USD  0.665382  0.665472    0.665415   0.665481 -0.000066 -0.000089
2024-05-21 09:33:10 Trade_decision:0
2024-05-21 09:33:10 
2024-05-21 09:33:10 
2024-05-21 09:33:10 get_trade_decision() pair:GBP_USD max_rows:18
2024-05-21 09:33:10 Processed_df
                        time  volume    mid_c   SPREAD     PAIR      MA_4     MA_16  PREV_SHORT  PREV_LONG    D_PREV     D_NOW
15 2024-05-21 04:31:00+00:00      21  1.27078  0.00017  GBP_USD  1.270787  1.270706    1.270792        NaN       NaN  0.000081
16 2024-05-21 04:32:00+00:00      18  1.27079  0.00016  GBP_USD  1.270787  1.270717    1.270787   1.270706  0.000081  0.000071
2024-05-21 09:33:10 Trade_decision:0
2024-05-21 09:33:10 
2024-05-21 09:33:10 
2024-05-21 09:33:10 get_trade_decision() pair:EUR_CHF max_rows:18
2024-05-21 09:33:11 Processed_df
                        time  volume    mid_c   SPREAD     PAIR      MA_4     MA_16  PREV_SHORT  PREV_LONG    D_PREV     D_NOW
15 2024-05-21 04:31:00+00:00       7  0.98896  0.00016  EUR_CHF  0.988940  0.988982    0.988925        NaN       NaN -0.000042
16 2024-05-21 04:32:00+00:00       7  0.98903  0.00018  EUR_CHF  0.988972  0.988978    0.988940   0.988982 -0.000042 -0.000006
2024-05-21 09:33:11 Trade_decision:0
2024-05-21 09:33:11 
2024-05-21 09:34:11 
2024-05-21 09:34:11 get_trade_decision() pair:EUR_USD max_rows:18
2024-05-21 09:34:12 Processed_df
                        time  volume    mid_c   SPREAD     PAIR      MA_4     MA_16  PREV_SHORT  PREV_LONG    D_PREV     D_NOW
15 2024-05-21 04:32:00+00:00      15  1.08572  0.00015  EUR_USD  1.085700  1.085637    1.085685        NaN       NaN  0.000063
16 2024-05-21 04:33:00+00:00       9  1.08573  0.00014  EUR_USD  1.085718  1.085645    1.085700   1.085637  0.000063  0.000073
2024-05-21 09:34:12 Trade_decision:0
2024-05-21 09:34:12 
2024-05-21 09:34:12 
2024-05-21 09:34:12 get_trade_decision() pair:GBP_JPY max_rows:18
2024-05-21 09:34:12 Processed_df
                        time  volume    mid_c  SPREAD     PAIR       MA_4       MA_16  PREV_SHORT   PREV_LONG    D_PREV     D_NOW
15 2024-05-21 04:32:00+00:00      84  198.812   0.031  GBP_JPY  198.81025  198.825875   198.80925         NaN       NaN -0.015625
16 2024-05-21 04:33:00+00:00      88  198.814   0.030  GBP_JPY  198.81175  198.823562   198.81025  198.825875 -0.015625 -0.011812
2024-05-21 09:34:12 Trade_decision:0
2024-05-21 09:34:12 
2024-05-21 09:34:12 
2024-05-21 09:34:12 get_trade_decision() pair:AUD_USD max_rows:18
2024-05-21 09:34:12 Processed_df
                        time  volume    mid_c   SPREAD     PAIR      MA_4     MA_16  PREV_SHORT  PREV_LONG    D_PREV     D_NOW
15 2024-05-21 04:32:00+00:00      24  0.66536  0.00011  AUD_USD  0.665382  0.665472    0.665415        NaN       NaN -0.000089
16 2024-05-21 04:33:00+00:00       6  0.66543  0.00012  AUD_USD  0.665380  0.665465    0.665382   0.665472 -0.000089 -0.000085
2024-05-21 09:34:12 Trade_decision:0
2024-05-21 09:34:12 
2024-05-21 09:34:12 
2024-05-21 09:34:12 get_trade_decision() pair:GBP_USD max_rows:18
2024-05-21 09:34:13 Processed_df
                        time  volume    mid_c   SPREAD     PAIR      MA_4     MA_16  PREV_SHORT  PREV_LONG    D_PREV     D_NOW
15 2024-05-21 04:32:00+00:00      18  1.27079  0.00016  GBP_USD  1.270787  1.270717    1.270787        NaN       NaN  0.000071
16 2024-05-21 04:33:00+00:00      19  1.27081  0.00016  GBP_USD  1.270795  1.270726    1.270787   1.270717  0.000071  0.000069
2024-05-21 09:34:13 Trade_decision:0
2024-05-21 09:34:13 
2024-05-21 09:34:13 
2024-05-21 09:34:13 get_trade_decision() pair:EUR_CHF max_rows:18
2024-05-21 09:34:13 Processed_df
                        time  volume    mid_c   SPREAD     PAIR      MA_4     MA_16  PREV_SHORT  PREV_LONG    D_PREV     D_NOW
15 2024-05-21 04:32:00+00:00       7  0.98903  0.00018  EUR_CHF  0.988972  0.988978    0.988940        NaN       NaN -0.000006
16 2024-05-21 04:33:00+00:00      18  0.98896  0.00017  EUR_CHF  0.988972  0.988971    0.988972   0.988978 -0.000006  0.000002
2024-05-21 09:34:13 Trade_decision:1
2024-05-21 09:34:13 
