2024-05-13 14:37:53 LogWapper init() ./logs/Trade.log
2024-05-13 14:41:14 TradeManager:place_trades() [{'pair': 'AUD_USD', 'units': 1000}]
2024-05-13 14:41:14 TradeManager:close_trades() pairs_to_close:['AUD_USD'] 
2024-05-13 14:41:14 TradeManager:close_trades() open_trades:[] 
2024-05-13 14:41:14 TradeManager:close_trades() ids_to_close:[] 
2024-05-13 14:41:14 TradeManager:Opened (31, True) {'pair': 'AUD_USD', 'units': 1000}
2024-05-13 14:43:07 TradeManager:place_trades() [{'pair': 'GBP_JPY', 'units': 1000}, {'pair': 'GBP_USD', 'units': 1000}]
2024-05-13 14:43:07 TradeManager:close_trades() pairs_to_close:['GBP_JPY', 'GBP_USD'] 
2024-05-13 14:43:07 TradeManager:close_trades() open_trades:[{'unrealizedPL': -0.03, 'currentUnits': 1000, 'trade_id': 31, 'openTime': datetime.datetime(2024, 5, 13, 9, 41, 14, 855702, tzinfo=tzutc()), 'instrument': 'AUD_USD'}] 
2024-05-13 14:43:07 TradeManager:close_trades() ids_to_close:[] 
2024-05-13 14:43:07 TradeManager:Opened (33, True) {'pair': 'GBP_JPY', 'units': 1000}
2024-05-13 14:43:08 TradeManager:Opened (35, True) {'pair': 'GBP_USD', 'units': 1000}
2024-05-13 14:43:20 TradeManager:place_trades() [{'pair': 'EUR_USD', 'units': 1000}]
2024-05-13 14:43:21 TradeManager:close_trades() pairs_to_close:['EUR_USD'] 
2024-05-13 14:43:21 TradeManager:close_trades() open_trades:[{'unrealizedPL': -0.17, 'currentUnits': 1000, 'trade_id': 35, 'openTime': datetime.datetime(2024, 5, 13, 9, 43, 8, 382127, tzinfo=tzutc()), 'instrument': 'GBP_USD'}, {'unrealizedPL': -0.2128, 'currentUnits': 1000, 'trade_id': 33, 'openTime': datetime.datetime(2024, 5, 13, 9, 43, 7, 986769, tzinfo=tzutc()), 'instrument': 'GBP_JPY'}, {'unrealizedPL': -0.02, 'currentUnits': 1000, 'trade_id': 31, 'openTime': datetime.datetime(2024, 5, 13, 9, 41, 14, 855702, tzinfo=tzutc()), 'instrument': 'AUD_USD'}] 
2024-05-13 14:43:21 TradeManager:close_trades() ids_to_close:[] 
2024-05-13 14:43:21 TradeManager:Opened (37, True) {'pair': 'EUR_USD', 'units': 1000}
2024-05-13 14:44:12 TradeManager:place_trades() [{'pair': 'EUR_GBP', 'units': -1000}]
2024-05-13 14:44:13 TradeManager:close_trades() pairs_to_close:['EUR_GBP'] 
2024-05-13 14:44:13 TradeManager:close_trades() open_trades:[{'unrealizedPL': -0.16, 'currentUnits': 1000, 'trade_id': 37, 'openTime': datetime.datetime(2024, 5, 13, 9, 43, 21, 570692, tzinfo=tzutc()), 'instrument': 'EUR_USD'}, {'unrealizedPL': -0.11, 'currentUnits': 1000, 'trade_id': 35, 'openTime': datetime.datetime(2024, 5, 13, 9, 43, 8, 382127, tzinfo=tzutc()), 'instrument': 'GBP_USD'}, {'unrealizedPL': -0.1805, 'currentUnits': 1000, 'trade_id': 33, 'openTime': datetime.datetime(2024, 5, 13, 9, 43, 7, 986769, tzinfo=tzutc()), 'instrument': 'GBP_JPY'}, {'unrealizedPL': 0.02, 'currentUnits': 1000, 'trade_id': 31, 'openTime': datetime.datetime(2024, 5, 13, 9, 41, 14, 855702, tzinfo=tzutc()), 'instrument': 'AUD_USD'}] 
2024-05-13 14:44:13 TradeManager:close_trades() ids_to_close:[] 
2024-05-13 14:44:13 TradeManager:Opened (39, True) {'pair': 'EUR_GBP', 'units': -1000}
2024-05-13 14:47:08 TradeManager:place_trades() [{'pair': 'EUR_USD', 'units': -1000}, {'pair': 'GBP_JPY', 'units': -1000}, {'pair': 'AUD_USD', 'units': -1000}, {'pair': 'GBP_USD', 'units': -1000}, {'pair': 'EUR_GBP', 'units': 1000}]
2024-05-13 14:47:08 TradeManager:close_trades() pairs_to_close:['EUR_USD', 'GBP_JPY', 'AUD_USD', 'GBP_USD', 'EUR_GBP'] 
2024-05-13 14:47:08 TradeManager:close_trades() open_trades:[{'unrealizedPL': -0.1889, 'currentUnits': -1000, 'trade_id': 39, 'openTime': datetime.datetime(2024, 5, 13, 9, 44, 13, 358033, tzinfo=tzutc()), 'instrument': 'EUR_GBP'}, {'unrealizedPL': -0.19, 'currentUnits': 1000, 'trade_id': 37, 'openTime': datetime.datetime(2024, 5, 13, 9, 43, 21, 570692, tzinfo=tzutc()), 'instrument': 'EUR_USD'}, {'unrealizedPL': -0.22, 'currentUnits': 1000, 'trade_id': 35, 'openTime': datetime.datetime(2024, 5, 13, 9, 43, 8, 382127, tzinfo=tzutc()), 'instrument': 'GBP_USD'}, {'unrealizedPL': -0.2837, 'currentUnits': 1000, 'trade_id': 33, 'openTime': datetime.datetime(2024, 5, 13, 9, 43, 7, 986769, tzinfo=tzutc()), 'instrument': 'GBP_JPY'}, {'unrealizedPL': -0.1, 'currentUnits': 1000, 'trade_id': 31, 'openTime': datetime.datetime(2024, 5, 13, 9, 41, 14, 855702, tzinfo=tzutc()), 'instrument': 'AUD_USD'}] 
2024-05-13 14:47:08 TradeManager:close_trades() ids_to_close:[39, 37, 35, 33, 31] 
2024-05-13 14:47:08 TradeManager:close_trades() Closed
2024-05-13 14:47:08 TradeManager:close_trades() Closed
2024-05-13 14:47:09 TradeManager:close_trades() Closed
2024-05-13 14:47:09 TradeManager:close_trades() Closed
2024-05-13 14:47:09 TradeManager:close_trades() Closed
2024-05-13 14:47:10 TradeManager:Opened (51, True) {'pair': 'EUR_USD', 'units': -1000}
2024-05-13 14:47:10 TradeManager:Opened (53, True) {'pair': 'GBP_JPY', 'units': -1000}
2024-05-13 14:47:10 TradeManager:Opened (55, True) {'pair': 'AUD_USD', 'units': -1000}
2024-05-13 14:47:11 TradeManager:Opened (57, True) {'pair': 'GBP_USD', 'units': -1000}
2024-05-13 14:47:11 TradeManager:Opened (59, True) {'pair': 'EUR_GBP', 'units': 1000}
2024-05-13 14:49:02 TradeManager:place_trades() [{'pair': 'GBP_USD', 'units': 1000}]
2024-05-13 14:49:03 TradeManager:close_trades() pairs_to_close:['GBP_USD'] 
2024-05-13 14:49:03 TradeManager:close_trades() open_trades:[{'unrealizedPL': -0.1133, 'currentUnits': 1000, 'trade_id': 59, 'openTime': datetime.datetime(2024, 5, 13, 9, 47, 11, 553436, tzinfo=tzutc()), 'instrument': 'EUR_GBP'}, {'unrealizedPL': -0.11, 'currentUnits': -1000, 'trade_id': 57, 'openTime': datetime.datetime(2024, 5, 13, 9, 47, 11, 222102, tzinfo=tzutc()), 'instrument': 'GBP_USD'}, {'unrealizedPL': -0.06, 'currentUnits': -1000, 'trade_id': 55, 'openTime': datetime.datetime(2024, 5, 13, 9, 47, 10, 935996, tzinfo=tzutc()), 'instrument': 'AUD_USD'}, {'unrealizedPL': -0.1934, 'currentUnits': -1000, 'trade_id': 53, 'openTime': datetime.datetime(2024, 5, 13, 9, 47, 10, 612293, tzinfo=tzutc()), 'instrument': 'GBP_JPY'}, {'unrealizedPL': -0.13, 'currentUnits': -1000, 'trade_id': 51, 'openTime': datetime.datetime(2024, 5, 13, 9, 47, 10, 317781, tzinfo=tzutc()), 'instrument': 'EUR_USD'}] 
2024-05-13 14:49:03 TradeManager:close_trades() ids_to_close:[57] 
2024-05-13 14:49:03 TradeManager:close_trades() Closed
2024-05-13 14:49:04 TradeManager:Opened (63, True) {'pair': 'GBP_USD', 'units': 1000}
2024-05-13 14:49:16 TradeManager:place_trades() [{'pair': 'GBP_JPY', 'units': 1000}, {'pair': 'EUR_GBP', 'units': -1000}]
2024-05-13 14:49:17 TradeManager:close_trades() pairs_to_close:['GBP_JPY', 'EUR_GBP'] 
2024-05-13 14:49:17 TradeManager:close_trades() open_trades:[{'unrealizedPL': -0.15, 'currentUnits': 1000, 'trade_id': 63, 'openTime': datetime.datetime(2024, 5, 13, 9, 49, 4, 94113, tzinfo=tzutc()), 'instrument': 'GBP_USD'}, {'unrealizedPL': -0.1133, 'currentUnits': 1000, 'trade_id': 59, 'openTime': datetime.datetime(2024, 5, 13, 9, 47, 11, 553436, tzinfo=tzutc()), 'instrument': 'EUR_GBP'}, {'unrealizedPL': -0.04, 'currentUnits': -1000, 'trade_id': 55, 'openTime': datetime.datetime(2024, 5, 13, 9, 47, 10, 935996, tzinfo=tzutc()), 'instrument': 'AUD_USD'}, {'unrealizedPL': -0.2321, 'currentUnits': -1000, 'trade_id': 53, 'openTime': datetime.datetime(2024, 5, 13, 9, 47, 10, 612293, tzinfo=tzutc()), 'instrument': 'GBP_JPY'}, {'unrealizedPL': -0.13, 'currentUnits': -1000, 'trade_id': 51, 'openTime': datetime.datetime(2024, 5, 13, 9, 47, 10, 317781, tzinfo=tzutc()), 'instrument': 'EUR_USD'}] 
2024-05-13 14:49:17 TradeManager:close_trades() ids_to_close:[59, 53] 
2024-05-13 14:49:17 TradeManager:close_trades() Closed
2024-05-13 14:49:17 TradeManager:close_trades() Closed
2024-05-13 14:49:18 TradeManager:Opened (69, True) {'pair': 'GBP_JPY', 'units': 1000}
2024-05-13 14:49:18 TradeManager:Opened (71, True) {'pair': 'EUR_GBP', 'units': -1000}
2024-05-13 14:50:08 TradeManager:place_trades() [{'pair': 'GBP_JPY', 'units': -1000}, {'pair': 'GBP_USD', 'units': -1000}, {'pair': 'EUR_GBP', 'units': 1000}]
2024-05-13 14:50:08 TradeManager:close_trades() pairs_to_close:['GBP_JPY', 'GBP_USD', 'EUR_GBP'] 
2024-05-13 14:50:08 TradeManager:close_trades() open_trades:[{'unrealizedPL': -0.1259, 'currentUnits': -1000, 'trade_id': 71, 'openTime': datetime.datetime(2024, 5, 13, 9, 49, 18, 479542, tzinfo=tzutc()), 'instrument': 'EUR_GBP'}, {'unrealizedPL': -0.245, 'currentUnits': 1000, 'trade_id': 69, 'openTime': datetime.datetime(2024, 5, 13, 9, 49, 18, 205809, tzinfo=tzutc()), 'instrument': 'GBP_JPY'}, {'unrealizedPL': -0.18, 'currentUnits': 1000, 'trade_id': 63, 'openTime': datetime.datetime(2024, 5, 13, 9, 49, 4, 94113, tzinfo=tzutc()), 'instrument': 'GBP_USD'}, {'unrealizedPL': -0.02, 'currentUnits': -1000, 'trade_id': 55, 'openTime': datetime.datetime(2024, 5, 13, 9, 47, 10, 935996, tzinfo=tzutc()), 'instrument': 'AUD_USD'}, {'unrealizedPL': -0.07, 'currentUnits': -1000, 'trade_id': 51, 'openTime': datetime.datetime(2024, 5, 13, 9, 47, 10, 317781, tzinfo=tzutc()), 'instrument': 'EUR_USD'}] 
2024-05-13 14:50:08 TradeManager:close_trades() ids_to_close:[71, 69, 63] 
2024-05-13 14:50:09 TradeManager:close_trades() Closed
2024-05-13 14:50:09 TradeManager:close_trades() Closed
2024-05-13 14:50:09 TradeManager:close_trades() Closed
2024-05-13 14:50:10 TradeManager:Opened (79, True) {'pair': 'GBP_JPY', 'units': -1000}
2024-05-13 14:50:10 TradeManager:Opened (81, True) {'pair': 'GBP_USD', 'units': -1000}
2024-05-13 14:50:11 TradeManager:Opened (83, True) {'pair': 'EUR_GBP', 'units': 1000}
2024-05-13 14:51:13 TradeManager:place_trades() [{'pair': 'EUR_GBP', 'units': -1000}]
2024-05-13 14:51:13 TradeManager:close_trades() pairs_to_close:['EUR_GBP'] 
2024-05-13 14:51:13 TradeManager:close_trades() open_trades:[{'unrealizedPL': -0.1888, 'currentUnits': 1000, 'trade_id': 83, 'openTime': datetime.datetime(2024, 5, 13, 9, 50, 11, 50228, tzinfo=tzutc()), 'instrument': 'EUR_GBP'}, {'unrealizedPL': -0.12, 'currentUnits': -1000, 'trade_id': 81, 'openTime': datetime.datetime(2024, 5, 13, 9, 50, 10, 640982, tzinfo=tzutc()), 'instrument': 'GBP_USD'}, {'unrealizedPL': -0.2128, 'currentUnits': -1000, 'trade_id': 79, 'openTime': datetime.datetime(2024, 5, 13, 9, 50, 10, 295476, tzinfo=tzutc()), 'instrument': 'GBP_JPY'}, {'unrealizedPL': 0.02, 'currentUnits': -1000, 'trade_id': 55, 'openTime': datetime.datetime(2024, 5, 13, 9, 47, 10, 935996, tzinfo=tzutc()), 'instrument': 'AUD_USD'}, {'unrealizedPL': -0.01, 'currentUnits': -1000, 'trade_id': 51, 'openTime': datetime.datetime(2024, 5, 13, 9, 47, 10, 317781, tzinfo=tzutc()), 'instrument': 'EUR_USD'}] 
2024-05-13 14:51:13 TradeManager:close_trades() ids_to_close:[83] 
2024-05-13 14:51:13 TradeManager:close_trades() Closed
2024-05-13 14:51:14 TradeManager:Opened (87, True) {'pair': 'EUR_GBP', 'units': -1000}
2024-05-13 14:53:08 TradeManager:place_trades() [{'pair': 'EUR_CHF', 'units': 1000}]
2024-05-13 14:53:08 TradeManager:close_trades() pairs_to_close:['EUR_CHF'] 
2024-05-13 14:53:08 TradeManager:close_trades() open_trades:[{'unrealizedPL': -0.214, 'currentUnits': -1000, 'trade_id': 87, 'openTime': datetime.datetime(2024, 5, 13, 9, 51, 14, 113338, tzinfo=tzutc()), 'instrument': 'EUR_GBP'}, {'unrealizedPL': -0.2, 'currentUnits': -1000, 'trade_id': 81, 'openTime': datetime.datetime(2024, 5, 13, 9, 50, 10, 640982, tzinfo=tzutc()), 'instrument': 'GBP_USD'}, {'unrealizedPL': -0.2708, 'currentUnits': -1000, 'trade_id': 79, 'openTime': datetime.datetime(2024, 5, 13, 9, 50, 10, 295476, tzinfo=tzutc()), 'instrument': 'GBP_JPY'}, {'unrealizedPL': -0.12, 'currentUnits': -1000, 'trade_id': 55, 'openTime': datetime.datetime(2024, 5, 13, 9, 47, 10, 935996, tzinfo=tzutc()), 'instrument': 'AUD_USD'}, {'unrealizedPL': -0.14, 'currentUnits': -1000, 'trade_id': 51, 'openTime': datetime.datetime(2024, 5, 13, 9, 47, 10, 317781, tzinfo=tzutc()), 'instrument': 'EUR_USD'}] 
2024-05-13 14:53:08 TradeManager:close_trades() ids_to_close:[] 
2024-05-13 14:53:08 TradeManager:Opened (89, True) {'pair': 'EUR_CHF', 'units': 1000}
2024-05-13 14:54:11 TradeManager:place_trades() [{'pair': 'EUR_USD', 'units': 1000}, {'pair': 'GBP_JPY', 'units': 1000}, {'pair': 'AUD_USD', 'units': 1000}, {'pair': 'GBP_USD', 'units': 1000}]
2024-05-13 14:54:11 TradeManager:close_trades() pairs_to_close:['EUR_USD', 'GBP_JPY', 'AUD_USD', 'GBP_USD'] 
2024-05-13 14:54:11 TradeManager:close_trades() open_trades:[{'unrealizedPL': -0.1883, 'currentUnits': 1000, 'trade_id': 89, 'openTime': datetime.datetime(2024, 5, 13, 9, 53, 8, 881392, tzinfo=tzutc()), 'instrument': 'EUR_CHF'}, {'unrealizedPL': -0.1385, 'currentUnits': -1000, 'trade_id': 87, 'openTime': datetime.datetime(2024, 5, 13, 9, 51, 14, 113338, tzinfo=tzutc()), 'instrument': 'EUR_GBP'}, {'unrealizedPL': -0.2, 'currentUnits': -1000, 'trade_id': 81, 'openTime': datetime.datetime(2024, 5, 13, 9, 50, 10, 640982, tzinfo=tzutc()), 'instrument': 'GBP_USD'}, {'unrealizedPL': -0.2708, 'currentUnits': -1000, 'trade_id': 79, 'openTime': datetime.datetime(2024, 5, 13, 9, 50, 10, 295476, tzinfo=tzutc()), 'instrument': 'GBP_JPY'}, {'unrealizedPL': -0.07, 'currentUnits': -1000, 'trade_id': 55, 'openTime': datetime.datetime(2024, 5, 13, 9, 47, 10, 935996, tzinfo=tzutc()), 'instrument': 'AUD_USD'}, {'unrealizedPL': -0.11, 'currentUnits': -1000, 'trade_id': 51, 'openTime': datetime.datetime(2024, 5, 13, 9, 47, 10, 317781, tzinfo=tzutc()), 'instrument': 'EUR_USD'}] 
2024-05-13 14:54:11 TradeManager:close_trades() ids_to_close:[81, 79, 55, 51] 
2024-05-13 14:54:12 TradeManager:close_trades() Closed
2024-05-13 14:54:12 TradeManager:close_trades() Closed
2024-05-13 14:54:12 TradeManager:close_trades() Closed
2024-05-13 14:54:12 TradeManager:close_trades() Closed
2024-05-13 14:54:13 TradeManager:Opened (99, True) {'pair': 'EUR_USD', 'units': 1000}
2024-05-13 14:54:13 TradeManager:Opened (101, True) {'pair': 'GBP_JPY', 'units': 1000}
2024-05-13 14:54:14 TradeManager:Opened (103, True) {'pair': 'AUD_USD', 'units': 1000}
2024-05-13 14:54:14 TradeManager:Opened (105, True) {'pair': 'GBP_USD', 'units': 1000}
2024-05-13 14:59:05 TradeManager:place_trades() [{'pair': 'GBP_USD', 'units': -1000}]
2024-05-13 14:59:05 TradeManager:close_trades() pairs_to_close:['GBP_USD'] 
2024-05-13 14:59:05 TradeManager:close_trades() open_trades:[{'unrealizedPL': -0.22, 'currentUnits': 1000, 'trade_id': 105, 'openTime': datetime.datetime(2024, 5, 13, 9, 54, 14, 529062, tzinfo=tzutc()), 'instrument': 'GBP_USD'}, {'unrealizedPL': -0.08, 'currentUnits': 1000, 'trade_id': 103, 'openTime': datetime.datetime(2024, 5, 13, 9, 54, 14, 264891, tzinfo=tzutc()), 'instrument': 'AUD_USD'}, {'unrealizedPL': -0.0903, 'currentUnits': 1000, 'trade_id': 101, 'openTime': datetime.datetime(2024, 5, 13, 9, 54, 13, 974731, tzinfo=tzutc()), 'instrument': 'GBP_JPY'}, {'unrealizedPL': -0.1, 'currentUnits': 1000, 'trade_id': 99, 'openTime': datetime.datetime(2024, 5, 13, 9, 54, 13, 306882, tzinfo=tzutc()), 'instrument': 'EUR_USD'}, {'unrealizedPL': 0.1206, 'currentUnits': 1000, 'trade_id': 89, 'openTime': datetime.datetime(2024, 5, 13, 9, 53, 8, 881392, tzinfo=tzutc()), 'instrument': 'EUR_CHF'}, {'unrealizedPL': -0.2392, 'currentUnits': -1000, 'trade_id': 87, 'openTime': datetime.datetime(2024, 5, 13, 9, 51, 14, 113338, tzinfo=tzutc()), 'instrument': 'EUR_GBP'}] 
2024-05-13 14:59:05 TradeManager:close_trades() ids_to_close:[105] 
2024-05-13 14:59:05 TradeManager:close_trades() Closed
2024-05-13 14:59:06 TradeManager:Opened (109, True) {'pair': 'GBP_USD', 'units': -1000}
2024-05-13 15:00:09 TradeManager:place_trades() [{'pair': 'EUR_USD', 'units': -1000}]
2024-05-13 15:00:09 TradeManager:close_trades() pairs_to_close:['EUR_USD'] 
2024-05-13 15:00:09 TradeManager:close_trades() open_trades:[{'unrealizedPL': -0.21, 'currentUnits': -1000, 'trade_id': 109, 'openTime': datetime.datetime(2024, 5, 13, 9, 59, 6, 25216, tzinfo=tzutc()), 'instrument': 'GBP_USD'}, {'unrealizedPL': -0.06, 'currentUnits': 1000, 'trade_id': 103, 'openTime': datetime.datetime(2024, 5, 13, 9, 54, 14, 264891, tzinfo=tzutc()), 'instrument': 'AUD_USD'}, {'unrealizedPL': -0.0838, 'currentUnits': 1000, 'trade_id': 101, 'openTime': datetime.datetime(2024, 5, 13, 9, 54, 13, 974731, tzinfo=tzutc()), 'instrument': 'GBP_JPY'}, {'unrealizedPL': -0.18, 'currentUnits': 1000, 'trade_id': 99, 'openTime': datetime.datetime(2024, 5, 13, 9, 54, 13, 306882, tzinfo=tzutc()), 'instrument': 'EUR_USD'}, {'unrealizedPL': 0.1206, 'currentUnits': 1000, 'trade_id': 89, 'openTime': datetime.datetime(2024, 5, 13, 9, 53, 8, 881392, tzinfo=tzutc()), 'instrument': 'EUR_CHF'}, {'unrealizedPL': -0.1637, 'currentUnits': -1000, 'trade_id': 87, 'openTime': datetime.datetime(2024, 5, 13, 9, 51, 14, 113338, tzinfo=tzutc()), 'instrument': 'EUR_GBP'}] 
2024-05-13 15:00:09 TradeManager:close_trades() ids_to_close:[99] 
2024-05-13 15:00:10 TradeManager:close_trades() Closed
2024-05-13 15:00:10 TradeManager:Opened (113, True) {'pair': 'EUR_USD', 'units': -1000}
2024-05-13 15:01:13 TradeManager:place_trades() [{'pair': 'EUR_GBP', 'units': -1000}]
2024-05-13 15:01:13 TradeManager:close_trades() pairs_to_close:['EUR_GBP'] 
2024-05-13 15:01:13 TradeManager:close_trades() open_trades:[{'unrealizedPL': -0.04, 'currentUnits': -1000, 'trade_id': 113, 'openTime': datetime.datetime(2024, 5, 13, 10, 0, 10, 511367, tzinfo=tzutc()), 'instrument': 'EUR_USD'}, {'unrealizedPL': -0.1, 'currentUnits': -1000, 'trade_id': 109, 'openTime': datetime.datetime(2024, 5, 13, 9, 59, 6, 25216, tzinfo=tzutc()), 'instrument': 'GBP_USD'}, {'unrealizedPL': -0.11, 'currentUnits': 1000, 'trade_id': 103, 'openTime': datetime.datetime(2024, 5, 13, 9, 54, 14, 264891, tzinfo=tzutc()), 'instrument': 'AUD_USD'}, {'unrealizedPL': -0.1805, 'currentUnits': 1000, 'trade_id': 101, 'openTime': datetime.datetime(2024, 5, 13, 9, 54, 13, 974731, tzinfo=tzutc()), 'instrument': 'GBP_JPY'}, {'unrealizedPL': -0.0332, 'currentUnits': 1000, 'trade_id': 89, 'openTime': datetime.datetime(2024, 5, 13, 9, 53, 8, 881392, tzinfo=tzutc()), 'instrument': 'EUR_CHF'}, {'unrealizedPL': -0.1385, 'currentUnits': -1000, 'trade_id': 87, 'openTime': datetime.datetime(2024, 5, 13, 9, 51, 14, 113338, tzinfo=tzutc()), 'instrument': 'EUR_GBP'}] 
2024-05-13 15:01:13 TradeManager:close_trades() ids_to_close:[87] 
2024-05-13 15:01:14 TradeManager:close_trades() Closed
2024-05-13 15:01:14 TradeManager:Opened (117, True) {'pair': 'EUR_GBP', 'units': -1000}
2024-05-13 15:02:05 TradeManager:place_trades() [{'pair': 'GBP_JPY', 'units': -1000}]
2024-05-13 15:02:05 TradeManager:close_trades() pairs_to_close:['GBP_JPY'] 
2024-05-13 15:02:05 TradeManager:close_trades() open_trades:[{'unrealizedPL': -0.1259, 'currentUnits': -1000, 'trade_id': 117, 'openTime': datetime.datetime(2024, 5, 13, 10, 1, 14, 610677, tzinfo=tzutc()), 'instrument': 'EUR_GBP'}, {'unrealizedPL': -0.09, 'currentUnits': -1000, 'trade_id': 113, 'openTime': datetime.datetime(2024, 5, 13, 10, 0, 10, 511367, tzinfo=tzutc()), 'instrument': 'EUR_USD'}, {'unrealizedPL': -0.21, 'currentUnits': -1000, 'trade_id': 109, 'openTime': datetime.datetime(2024, 5, 13, 9, 59, 6, 25216, tzinfo=tzutc()), 'instrument': 'GBP_USD'}, {'unrealizedPL': -0.05, 'currentUnits': 1000, 'trade_id': 103, 'openTime': datetime.datetime(2024, 5, 13, 9, 54, 14, 264891, tzinfo=tzutc()), 'instrument': 'AUD_USD'}, {'unrealizedPL': -0.2063, 'currentUnits': 1000, 'trade_id': 101, 'openTime': datetime.datetime(2024, 5, 13, 9, 54, 13, 974731, tzinfo=tzutc()), 'instrument': 'GBP_JPY'}, {'unrealizedPL': 0.0219, 'currentUnits': 1000, 'trade_id': 89, 'openTime': datetime.datetime(2024, 5, 13, 9, 53, 8, 881392, tzinfo=tzutc()), 'instrument': 'EUR_CHF'}] 
2024-05-13 15:02:05 TradeManager:close_trades() ids_to_close:[101] 
2024-05-13 15:02:06 TradeManager:close_trades() Closed
2024-05-13 15:02:07 TradeManager:Opened (121, True) {'pair': 'GBP_JPY', 'units': -1000}
2024-05-13 15:03:09 TradeManager:place_trades() [{'pair': 'EUR_CHF', 'units': -1000}]
2024-05-13 15:03:10 TradeManager:close_trades() pairs_to_close:['EUR_CHF'] 
2024-05-13 15:03:10 TradeManager:close_trades() open_trades:[{'unrealizedPL': -0.1934, 'currentUnits': -1000, 'trade_id': 121, 'openTime': datetime.datetime(2024, 5, 13, 10, 2, 7, 278869, tzinfo=tzutc()), 'instrument': 'GBP_JPY'}, {'unrealizedPL': -0.1889, 'currentUnits': -1000, 'trade_id': 117, 'openTime': datetime.datetime(2024, 5, 13, 10, 1, 14, 610677, tzinfo=tzutc()), 'instrument': 'EUR_GBP'}, {'unrealizedPL': -0.18, 'currentUnits': -1000, 'trade_id': 113, 'openTime': datetime.datetime(2024, 5, 13, 10, 0, 10, 511367, tzinfo=tzutc()), 'instrument': 'EUR_USD'}, {'unrealizedPL': -0.23, 'currentUnits': -1000, 'trade_id': 109, 'openTime': datetime.datetime(2024, 5, 13, 9, 59, 6, 25216, tzinfo=tzutc()), 'instrument': 'GBP_USD'}, {'unrealizedPL': -0.02, 'currentUnits': 1000, 'trade_id': 103, 'openTime': datetime.datetime(2024, 5, 13, 9, 54, 14, 264891, tzinfo=tzutc()), 'instrument': 'AUD_USD'}, {'unrealizedPL': 0.011, 'currentUnits': 1000, 'trade_id': 89, 'openTime': datetime.datetime(2024, 5, 13, 9, 53, 8, 881392, tzinfo=tzutc()), 'instrument': 'EUR_CHF'}] 
2024-05-13 15:03:10 TradeManager:close_trades() ids_to_close:[89] 
2024-05-13 15:03:10 TradeManager:close_trades() Closed
2024-05-13 15:03:10 TradeManager:Opened (125, True) {'pair': 'EUR_CHF', 'units': -1000}
2024-05-13 15:04:12 TradeManager:place_trades() [{'pair': 'GBP_USD', 'units': 1000}]
2024-05-13 15:04:12 TradeManager:close_trades() pairs_to_close:['GBP_USD'] 
2024-05-13 15:04:12 TradeManager:close_trades() open_trades:[{'unrealizedPL': -0.3323, 'currentUnits': -1000, 'trade_id': 125, 'openTime': datetime.datetime(2024, 5, 13, 10, 3, 10, 789944, tzinfo=tzutc()), 'instrument': 'EUR_CHF'}, {'unrealizedPL': -0.129, 'currentUnits': -1000, 'trade_id': 121, 'openTime': datetime.datetime(2024, 5, 13, 10, 2, 7, 278869, tzinfo=tzutc()), 'instrument': 'GBP_JPY'}, {'unrealizedPL': -0.214, 'currentUnits': -1000, 'trade_id': 117, 'openTime': datetime.datetime(2024, 5, 13, 10, 1, 14, 610677, tzinfo=tzutc()), 'instrument': 'EUR_GBP'}, {'unrealizedPL': -0.21, 'currentUnits': -1000, 'trade_id': 113, 'openTime': datetime.datetime(2024, 5, 13, 10, 0, 10, 511367, tzinfo=tzutc()), 'instrument': 'EUR_USD'}, {'unrealizedPL': -0.23, 'currentUnits': -1000, 'trade_id': 109, 'openTime': datetime.datetime(2024, 5, 13, 9, 59, 6, 25216, tzinfo=tzutc()), 'instrument': 'GBP_USD'}, {'unrealizedPL': -0.06, 'currentUnits': 1000, 'trade_id': 103, 'openTime': datetime.datetime(2024, 5, 13, 9, 54, 14, 264891, tzinfo=tzutc()), 'instrument': 'AUD_USD'}] 
2024-05-13 15:04:12 TradeManager:close_trades() ids_to_close:[109] 
2024-05-13 15:04:13 TradeManager:close_trades() Closed
2024-05-13 15:04:13 TradeManager:Opened (129, True) {'pair': 'GBP_USD', 'units': 1000}
2024-05-13 15:05:05 TradeManager:place_trades() [{'pair': 'EUR_CHF', 'units': 1000}, {'pair': 'EUR_GBP', 'units': 1000}]
2024-05-13 15:05:05 TradeManager:close_trades() pairs_to_close:['EUR_CHF', 'EUR_GBP'] 
2024-05-13 15:05:05 TradeManager:close_trades() open_trades:[{'unrealizedPL': -0.11, 'currentUnits': 1000, 'trade_id': 129, 'openTime': datetime.datetime(2024, 5, 13, 10, 4, 13, 488391, tzinfo=tzutc()), 'instrument': 'GBP_USD'}, {'unrealizedPL': -0.3877, 'currentUnits': -1000, 'trade_id': 125, 'openTime': datetime.datetime(2024, 5, 13, 10, 3, 10, 789944, tzinfo=tzutc()), 'instrument': 'EUR_CHF'}, {'unrealizedPL': -0.2773, 'currentUnits': -1000, 'trade_id': 121, 'openTime': datetime.datetime(2024, 5, 13, 10, 2, 7, 278869, tzinfo=tzutc()), 'instrument': 'GBP_JPY'}, {'unrealizedPL': -0.2518, 'currentUnits': -1000, 'trade_id': 117, 'openTime': datetime.datetime(2024, 5, 13, 10, 1, 14, 610677, tzinfo=tzutc()), 'instrument': 'EUR_GBP'}, {'unrealizedPL': -0.29, 'currentUnits': -1000, 'trade_id': 113, 'openTime': datetime.datetime(2024, 5, 13, 10, 0, 10, 511367, tzinfo=tzutc()), 'instrument': 'EUR_USD'}, {'unrealizedPL': -0.07, 'currentUnits': 1000, 'trade_id': 103, 'openTime': datetime.datetime(2024, 5, 13, 9, 54, 14, 264891, tzinfo=tzutc()), 'instrument': 'AUD_USD'}] 
2024-05-13 15:05:05 TradeManager:close_trades() ids_to_close:[125, 117] 
2024-05-13 15:05:05 TradeManager:close_trades() Closed
2024-05-13 15:05:06 TradeManager:close_trades() Closed
2024-05-13 15:05:06 TradeManager:Opened (135, True) {'pair': 'EUR_CHF', 'units': 1000}
2024-05-13 15:05:06 TradeManager:Opened (137, True) {'pair': 'EUR_GBP', 'units': 1000}
2024-05-13 15:05:19 TradeManager:place_trades() [{'pair': 'EUR_USD', 'units': 1000}, {'pair': 'AUD_USD', 'units': -1000}]
2024-05-13 15:05:19 TradeManager:close_trades() pairs_to_close:['EUR_USD', 'AUD_USD'] 
2024-05-13 15:05:19 TradeManager:close_trades() open_trades:[{'unrealizedPL': -0.1385, 'currentUnits': 1000, 'trade_id': 137, 'openTime': datetime.datetime(2024, 5, 13, 10, 5, 6, 733072, tzinfo=tzutc()), 'instrument': 'EUR_GBP'}, {'unrealizedPL': -0.2215, 'currentUnits': 1000, 'trade_id': 135, 'openTime': datetime.datetime(2024, 5, 13, 10, 5, 6, 415962, tzinfo=tzutc()), 'instrument': 'EUR_CHF'}, {'unrealizedPL': -0.16, 'currentUnits': 1000, 'trade_id': 129, 'openTime': datetime.datetime(2024, 5, 13, 10, 4, 13, 488391, tzinfo=tzutc()), 'instrument': 'GBP_USD'}, {'unrealizedPL': -0.2321, 'currentUnits': -1000, 'trade_id': 121, 'openTime': datetime.datetime(2024, 5, 13, 10, 2, 7, 278869, tzinfo=tzutc()), 'instrument': 'GBP_JPY'}, {'unrealizedPL': -0.29, 'currentUnits': -1000, 'trade_id': 113, 'openTime': datetime.datetime(2024, 5, 13, 10, 0, 10, 511367, tzinfo=tzutc()), 'instrument': 'EUR_USD'}, {'unrealizedPL': -0.06, 'currentUnits': 1000, 'trade_id': 103, 'openTime': datetime.datetime(2024, 5, 13, 9, 54, 14, 264891, tzinfo=tzutc()), 'instrument': 'AUD_USD'}] 
2024-05-13 15:05:19 TradeManager:close_trades() ids_to_close:[113, 103] 
2024-05-13 15:05:19 TradeManager:close_trades() Closed
2024-05-13 15:05:20 TradeManager:close_trades() Closed
2024-05-13 15:05:20 TradeManager:Opened (143, True) {'pair': 'EUR_USD', 'units': 1000}
2024-05-13 15:05:20 TradeManager:Opened (145, True) {'pair': 'AUD_USD', 'units': -1000}
2024-05-13 15:07:13 TradeManager:place_trades() [{'pair': 'GBP_USD', 'units': -1000}]
2024-05-13 15:07:14 TradeManager:close_trades() pairs_to_close:['GBP_USD'] 
2024-05-13 15:07:14 TradeManager:close_trades() open_trades:[{'unrealizedPL': -0.13, 'currentUnits': -1000, 'trade_id': 145, 'openTime': datetime.datetime(2024, 5, 13, 10, 5, 20, 858229, tzinfo=tzutc()), 'instrument': 'AUD_USD'}, {'unrealizedPL': -0.1, 'currentUnits': 1000, 'trade_id': 143, 'openTime': datetime.datetime(2024, 5, 13, 10, 5, 20, 583889, tzinfo=tzutc()), 'instrument': 'EUR_USD'}, {'unrealizedPL': -0.0126, 'currentUnits': 1000, 'trade_id': 137, 'openTime': datetime.datetime(2024, 5, 13, 10, 5, 6, 733072, tzinfo=tzutc()), 'instrument': 'EUR_GBP'}, {'unrealizedPL': -0.0886, 'currentUnits': 1000, 'trade_id': 135, 'openTime': datetime.datetime(2024, 5, 13, 10, 5, 6, 415962, tzinfo=tzutc()), 'instrument': 'EUR_CHF'}, {'unrealizedPL': -0.23, 'currentUnits': 1000, 'trade_id': 129, 'openTime': datetime.datetime(2024, 5, 13, 10, 4, 13, 488391, tzinfo=tzutc()), 'instrument': 'GBP_USD'}, {'unrealizedPL': -0.2514, 'currentUnits': -1000, 'trade_id': 121, 'openTime': datetime.datetime(2024, 5, 13, 10, 2, 7, 278869, tzinfo=tzutc()), 'instrument': 'GBP_JPY'}] 
2024-05-13 15:07:14 TradeManager:close_trades() ids_to_close:[129] 
2024-05-13 15:07:14 TradeManager:close_trades() Closed
2024-05-13 15:07:14 TradeManager:Opened (149, True) {'pair': 'GBP_USD', 'units': -1000}
2024-05-13 15:09:06 TradeManager:place_trades() [{'pair': 'EUR_USD', 'units': -1000}]
2024-05-13 15:09:06 TradeManager:close_trades() pairs_to_close:['EUR_USD'] 
2024-05-13 15:09:06 TradeManager:close_trades() open_trades:[{'unrealizedPL': -0.11, 'currentUnits': -1000, 'trade_id': 149, 'openTime': datetime.datetime(2024, 5, 13, 10, 7, 14, 742537, tzinfo=tzutc()), 'instrument': 'GBP_USD'}, {'unrealizedPL': -0.1, 'currentUnits': -1000, 'trade_id': 145, 'openTime': datetime.datetime(2024, 5, 13, 10, 5, 20, 858229, tzinfo=tzutc()), 'instrument': 'AUD_USD'}, {'unrealizedPL': -0.19, 'currentUnits': 1000, 'trade_id': 143, 'openTime': datetime.datetime(2024, 5, 13, 10, 5, 20, 583889, tzinfo=tzutc()), 'instrument': 'EUR_USD'}, {'unrealizedPL': -0.0629, 'currentUnits': 1000, 'trade_id': 137, 'openTime': datetime.datetime(2024, 5, 13, 10, 5, 6, 733072, tzinfo=tzutc()), 'instrument': 'EUR_GBP'}, {'unrealizedPL': -0.288, 'currentUnits': 1000, 'trade_id': 135, 'openTime': datetime.datetime(2024, 5, 13, 10, 5, 6, 415962, tzinfo=tzutc()), 'instrument': 'EUR_CHF'}, {'unrealizedPL': -0.1032, 'currentUnits': -1000, 'trade_id': 121, 'openTime': datetime.datetime(2024, 5, 13, 10, 2, 7, 278869, tzinfo=tzutc()), 'instrument': 'GBP_JPY'}] 
2024-05-13 15:09:06 TradeManager:close_trades() ids_to_close:[143] 
2024-05-13 15:09:06 TradeManager:close_trades() Closed
2024-05-13 15:09:07 TradeManager:Opened (153, True) {'pair': 'EUR_USD', 'units': -1000}
2024-05-13 15:10:10 TradeManager:place_trades() [{'pair': 'AUD_USD', 'units': 1000}, {'pair': 'EUR_CHF', 'units': -1000}]
2024-05-13 15:10:10 TradeManager:close_trades() pairs_to_close:['AUD_USD', 'EUR_CHF'] 
2024-05-13 15:10:10 TradeManager:close_trades() open_trades:[{'unrealizedPL': -0.15, 'currentUnits': -1000, 'trade_id': 153, 'openTime': datetime.datetime(2024, 5, 13, 10, 9, 7, 307934, tzinfo=tzutc()), 'instrument': 'EUR_USD'}, {'unrealizedPL': -0.11, 'currentUnits': -1000, 'trade_id': 149, 'openTime': datetime.datetime(2024, 5, 13, 10, 7, 14, 742537, tzinfo=tzutc()), 'instrument': 'GBP_USD'}, {'unrealizedPL': -0.12, 'currentUnits': -1000, 'trade_id': 145, 'openTime': datetime.datetime(2024, 5, 13, 10, 5, 20, 858229, tzinfo=tzutc()), 'instrument': 'AUD_USD'}, {'unrealizedPL': -0.0252, 'currentUnits': 1000, 'trade_id': 137, 'openTime': datetime.datetime(2024, 5, 13, 10, 5, 6, 733072, tzinfo=tzutc()), 'instrument': 'EUR_GBP'}, {'unrealizedPL': -0.5207, 'currentUnits': 1000, 'trade_id': 135, 'openTime': datetime.datetime(2024, 5, 13, 10, 5, 6, 415962, tzinfo=tzutc()), 'instrument': 'EUR_CHF'}, {'unrealizedPL': -0.1805, 'currentUnits': -1000, 'trade_id': 121, 'openTime': datetime.datetime(2024, 5, 13, 10, 2, 7, 278869, tzinfo=tzutc()), 'instrument': 'GBP_JPY'}] 
2024-05-13 15:10:10 TradeManager:close_trades() ids_to_close:[145, 135] 
2024-05-13 15:10:11 TradeManager:close_trades() Closed
2024-05-13 15:10:11 TradeManager:close_trades() Closed
2024-05-13 15:10:11 TradeManager:Opened (159, True) {'pair': 'AUD_USD', 'units': 1000}
2024-05-13 15:10:11 TradeManager:Opened (161, True) {'pair': 'EUR_CHF', 'units': -1000}
2024-05-13 15:11:16 TradeManager:place_trades() [{'pair': 'GBP_JPY', 'units': 1000}]
2024-05-13 15:11:16 TradeManager:close_trades() pairs_to_close:['GBP_JPY'] 
2024-05-13 15:11:16 TradeManager:close_trades() open_trades:[{'unrealizedPL': -0.1773, 'currentUnits': -1000, 'trade_id': 161, 'openTime': datetime.datetime(2024, 5, 13, 10, 10, 12, 52219, tzinfo=tzutc()), 'instrument': 'EUR_CHF'}, {'unrealizedPL': -0.15, 'currentUnits': 1000, 'trade_id': 159, 'openTime': datetime.datetime(2024, 5, 13, 10, 10, 11, 745317, tzinfo=tzutc()), 'instrument': 'AUD_USD'}, {'unrealizedPL': -0.16, 'currentUnits': -1000, 'trade_id': 153, 'openTime': datetime.datetime(2024, 5, 13, 10, 9, 7, 307934, tzinfo=tzutc()), 'instrument': 'EUR_USD'}, {'unrealizedPL': -0.11, 'currentUnits': -1000, 'trade_id': 149, 'openTime': datetime.datetime(2024, 5, 13, 10, 7, 14, 742537, tzinfo=tzutc()), 'instrument': 'GBP_USD'}, {'unrealizedPL': -0.0504, 'currentUnits': 1000, 'trade_id': 137, 'openTime': datetime.datetime(2024, 5, 13, 10, 5, 6, 733072, tzinfo=tzutc()), 'instrument': 'EUR_GBP'}, {'unrealizedPL': -0.1741, 'currentUnits': -1000, 'trade_id': 121, 'openTime': datetime.datetime(2024, 5, 13, 10, 2, 7, 278869, tzinfo=tzutc()), 'instrument': 'GBP_JPY'}] 
2024-05-13 15:11:16 TradeManager:close_trades() ids_to_close:[121] 
2024-05-13 15:11:16 TradeManager:close_trades() Closed
2024-05-13 15:11:17 TradeManager:Opened (165, True) {'pair': 'GBP_JPY', 'units': 1000}
2024-05-13 15:12:10 TradeManager:place_trades() [{'pair': 'EUR_USD', 'units': 1000}, {'pair': 'GBP_USD', 'units': 1000}]
2024-05-13 15:12:11 TradeManager:close_trades() pairs_to_close:['EUR_USD', 'GBP_USD'] 
2024-05-13 15:12:11 TradeManager:close_trades() open_trades:[{'unrealizedPL': -0.1354, 'currentUnits': 1000, 'trade_id': 165, 'openTime': datetime.datetime(2024, 5, 13, 10, 11, 17, 129860, tzinfo=tzutc()), 'instrument': 'GBP_JPY'}, {'unrealizedPL': -0.2881, 'currentUnits': -1000, 'trade_id': 161, 'openTime': datetime.datetime(2024, 5, 13, 10, 10, 12, 52219, tzinfo=tzutc()), 'instrument': 'EUR_CHF'}, {'unrealizedPL': -0.1, 'currentUnits': 1000, 'trade_id': 159, 'openTime': datetime.datetime(2024, 5, 13, 10, 10, 11, 745317, tzinfo=tzutc()), 'instrument': 'AUD_USD'}, {'unrealizedPL': -0.23, 'currentUnits': -1000, 'trade_id': 153, 'openTime': datetime.datetime(2024, 5, 13, 10, 9, 7, 307934, tzinfo=tzutc()), 'instrument': 'EUR_USD'}, {'unrealizedPL': -0.23, 'currentUnits': -1000, 'trade_id': 149, 'openTime': datetime.datetime(2024, 5, 13, 10, 7, 14, 742537, tzinfo=tzutc()), 'instrument': 'GBP_USD'}, {'unrealizedPL': -0.0755, 'currentUnits': 1000, 'trade_id': 137, 'openTime': datetime.datetime(2024, 5, 13, 10, 5, 6, 733072, tzinfo=tzutc()), 'instrument': 'EUR_GBP'}] 
2024-05-13 15:12:11 TradeManager:close_trades() ids_to_close:[153, 149] 
2024-05-13 15:12:11 TradeManager:close_trades() Closed
2024-05-13 15:12:11 TradeManager:close_trades() Closed
2024-05-13 15:12:12 TradeManager:Opened (171, True) {'pair': 'EUR_USD', 'units': 1000}
2024-05-13 15:12:12 TradeManager:Opened (173, True) {'pair': 'GBP_USD', 'units': 1000}
2024-05-13 15:13:15 TradeManager:place_trades() [{'pair': 'EUR_GBP', 'units': -1000}]
2024-05-13 15:13:15 TradeManager:close_trades() pairs_to_close:['EUR_GBP'] 
2024-05-13 15:13:15 TradeManager:close_trades() open_trades:[{'unrealizedPL': -0.23, 'currentUnits': 1000, 'trade_id': 173, 'openTime': datetime.datetime(2024, 5, 13, 10, 12, 12, 781767, tzinfo=tzutc()), 'instrument': 'GBP_USD'}, {'unrealizedPL': -0.17, 'currentUnits': 1000, 'trade_id': 171, 'openTime': datetime.datetime(2024, 5, 13, 10, 12, 12, 313141, tzinfo=tzutc()), 'instrument': 'EUR_USD'}, {'unrealizedPL': -0.1999, 'currentUnits': 1000, 'trade_id': 165, 'openTime': datetime.datetime(2024, 5, 13, 10, 11, 17, 129860, tzinfo=tzutc()), 'instrument': 'GBP_JPY'}, {'unrealizedPL': -0.3102, 'currentUnits': -1000, 'trade_id': 161, 'openTime': datetime.datetime(2024, 5, 13, 10, 10, 12, 52219, tzinfo=tzutc()), 'instrument': 'EUR_CHF'}, {'unrealizedPL': -0.1, 'currentUnits': 1000, 'trade_id': 159, 'openTime': datetime.datetime(2024, 5, 13, 10, 10, 11, 745317, tzinfo=tzutc()), 'instrument': 'AUD_USD'}, {'unrealizedPL': -0.0504, 'currentUnits': 1000, 'trade_id': 137, 'openTime': datetime.datetime(2024, 5, 13, 10, 5, 6, 733072, tzinfo=tzutc()), 'instrument': 'EUR_GBP'}] 
2024-05-13 15:13:15 TradeManager:close_trades() ids_to_close:[137] 
2024-05-13 15:13:15 TradeManager:close_trades() Closed
2024-05-13 15:13:16 TradeManager:Opened (177, True) {'pair': 'EUR_GBP', 'units': -1000}
2024-05-13 15:15:07 TradeManager:place_trades() [{'pair': 'AUD_USD', 'units': -1000}]
2024-05-13 15:15:08 TradeManager:close_trades() pairs_to_close:['AUD_USD'] 
2024-05-13 15:15:08 TradeManager:close_trades() open_trades:[{'unrealizedPL': -0.1511, 'currentUnits': -1000, 'trade_id': 177, 'openTime': datetime.datetime(2024, 5, 13, 10, 13, 16, 209458, tzinfo=tzutc()), 'instrument': 'EUR_GBP'}, {'unrealizedPL': -0.15, 'currentUnits': 1000, 'trade_id': 173, 'openTime': datetime.datetime(2024, 5, 13, 10, 12, 12, 781767, tzinfo=tzutc()), 'instrument': 'GBP_USD'}, {'unrealizedPL': -0.15, 'currentUnits': 1000, 'trade_id': 171, 'openTime': datetime.datetime(2024, 5, 13, 10, 12, 12, 313141, tzinfo=tzutc()), 'instrument': 'EUR_USD'}, {'unrealizedPL': -0.0903, 'currentUnits': 1000, 'trade_id': 165, 'openTime': datetime.datetime(2024, 5, 13, 10, 11, 17, 129860, tzinfo=tzutc()), 'instrument': 'GBP_JPY'}, {'unrealizedPL': -0.277, 'currentUnits': -1000, 'trade_id': 161, 'openTime': datetime.datetime(2024, 5, 13, 10, 10, 12, 52219, tzinfo=tzutc()), 'instrument': 'EUR_CHF'}, {'unrealizedPL': -0.18, 'currentUnits': 1000, 'trade_id': 159, 'openTime': datetime.datetime(2024, 5, 13, 10, 10, 11, 745317, tzinfo=tzutc()), 'instrument': 'AUD_USD'}] 
2024-05-13 15:15:08 TradeManager:close_trades() ids_to_close:[159] 
2024-05-13 15:15:08 TradeManager:close_trades() Closed
2024-05-13 15:15:08 TradeManager:Opened (181, True) {'pair': 'AUD_USD', 'units': -1000}
2024-05-13 15:17:14 TradeManager:place_trades() [{'pair': 'EUR_USD', 'units': -1000}, {'pair': 'AUD_USD', 'units': 1000}]
2024-05-13 15:17:14 TradeManager:close_trades() pairs_to_close:['EUR_USD', 'AUD_USD'] 
2024-05-13 15:17:14 TradeManager:close_trades() open_trades:[{'unrealizedPL': -0.18, 'currentUnits': -1000, 'trade_id': 181, 'openTime': datetime.datetime(2024, 5, 13, 10, 15, 8, 655765, tzinfo=tzutc()), 'instrument': 'AUD_USD'}, {'unrealizedPL': -0.0378, 'currentUnits': -1000, 'trade_id': 177, 'openTime': datetime.datetime(2024, 5, 13, 10, 13, 16, 209458, tzinfo=tzutc()), 'instrument': 'EUR_GBP'}, {'unrealizedPL': -0.09, 'currentUnits': 1000, 'trade_id': 173, 'openTime': datetime.datetime(2024, 5, 13, 10, 12, 12, 781767, tzinfo=tzutc()), 'instrument': 'GBP_USD'}, {'unrealizedPL': -0.17, 'currentUnits': 1000, 'trade_id': 171, 'openTime': datetime.datetime(2024, 5, 13, 10, 12, 12, 313141, tzinfo=tzutc()), 'instrument': 'EUR_USD'}, {'unrealizedPL': -0.1225, 'currentUnits': 1000, 'trade_id': 165, 'openTime': datetime.datetime(2024, 5, 13, 10, 11, 17, 129860, tzinfo=tzutc()), 'instrument': 'GBP_JPY'}, {'unrealizedPL': -0.1884, 'currentUnits': -1000, 'trade_id': 161, 'openTime': datetime.datetime(2024, 5, 13, 10, 10, 12, 52219, tzinfo=tzutc()), 'instrument': 'EUR_CHF'}] 
2024-05-13 15:17:14 TradeManager:close_trades() ids_to_close:[181, 171] 
2024-05-13 15:17:14 TradeManager:close_trades() Closed
2024-05-13 15:17:15 TradeManager:close_trades() Closed
2024-05-13 15:17:15 TradeManager:Opened (187, True) {'pair': 'EUR_USD', 'units': -1000}
2024-05-13 15:17:15 TradeManager:Opened (189, True) {'pair': 'AUD_USD', 'units': 1000}
2024-05-13 15:20:10 TradeManager:place_trades() [{'pair': 'EUR_USD', 'units': 1000}]
2024-05-13 15:20:10 TradeManager:close_trades() pairs_to_close:['EUR_USD'] 
2024-05-13 15:20:10 TradeManager:close_trades() open_trades:[{'unrealizedPL': -0.03, 'currentUnits': 1000, 'trade_id': 189, 'openTime': datetime.datetime(2024, 5, 13, 10, 17, 15, 835267, tzinfo=tzutc()), 'instrument': 'AUD_USD'}, {'unrealizedPL': -0.13, 'currentUnits': -1000, 'trade_id': 187, 'openTime': datetime.datetime(2024, 5, 13, 10, 17, 15, 543095, tzinfo=tzutc()), 'instrument': 'EUR_USD'}, {'unrealizedPL': 0.1122, 'currentUnits': -1000, 'trade_id': 177, 'openTime': datetime.datetime(2024, 5, 13, 10, 13, 16, 209458, tzinfo=tzutc()), 'instrument': 'EUR_GBP'}, {'unrealizedPL': 0.08, 'currentUnits': 1000, 'trade_id': 173, 'openTime': datetime.datetime(2024, 5, 13, 10, 12, 12, 781767, tzinfo=tzutc()), 'instrument': 'GBP_USD'}, {'unrealizedPL': 0.0383, 'currentUnits': 1000, 'trade_id': 165, 'openTime': datetime.datetime(2024, 5, 13, 10, 11, 17, 129860, tzinfo=tzutc()), 'instrument': 'GBP_JPY'}, {'unrealizedPL': -0.1884, 'currentUnits': -1000, 'trade_id': 161, 'openTime': datetime.datetime(2024, 5, 13, 10, 10, 12, 52219, tzinfo=tzutc()), 'instrument': 'EUR_CHF'}] 
2024-05-13 15:20:10 TradeManager:close_trades() ids_to_close:[187] 
2024-05-13 15:20:11 TradeManager:close_trades() Closed
2024-05-13 15:20:11 TradeManager:Opened (193, True) {'pair': 'EUR_USD', 'units': 1000}
2024-05-13 15:22:17 TradeManager:place_trades() [{'pair': 'EUR_USD', 'units': -1000}]
2024-05-13 15:22:17 TradeManager:close_trades() pairs_to_close:['EUR_USD'] 
2024-05-13 15:22:17 TradeManager:close_trades() open_trades:[{'unrealizedPL': -0.25, 'currentUnits': 1000, 'trade_id': 193, 'openTime': datetime.datetime(2024, 5, 13, 10, 20, 11, 411046, tzinfo=tzutc()), 'instrument': 'EUR_USD'}, {'unrealizedPL': -0.03, 'currentUnits': 1000, 'trade_id': 189, 'openTime': datetime.datetime(2024, 5, 13, 10, 17, 15, 835267, tzinfo=tzutc()), 'instrument': 'AUD_USD'}, {'unrealizedPL': 0.1621, 'currentUnits': -1000, 'trade_id': 177, 'openTime': datetime.datetime(2024, 5, 13, 10, 13, 16, 209458, tzinfo=tzutc()), 'instrument': 'EUR_GBP'}, {'unrealizedPL': 0.03, 'currentUnits': 1000, 'trade_id': 173, 'openTime': datetime.datetime(2024, 5, 13, 10, 12, 12, 781767, tzinfo=tzutc()), 'instrument': 'GBP_USD'}, {'unrealizedPL': -0.0516, 'currentUnits': 1000, 'trade_id': 165, 'openTime': datetime.datetime(2024, 5, 13, 10, 11, 17, 129860, tzinfo=tzutc()), 'instrument': 'GBP_JPY'}, {'unrealizedPL': -0.1662, 'currentUnits': -1000, 'trade_id': 161, 'openTime': datetime.datetime(2024, 5, 13, 10, 10, 12, 52219, tzinfo=tzutc()), 'instrument': 'EUR_CHF'}] 
2024-05-13 15:22:17 TradeManager:close_trades() ids_to_close:[193] 
2024-05-13 15:22:18 TradeManager:close_trades() Closed
2024-05-13 15:22:18 TradeManager:Opened (197, True) {'pair': 'EUR_USD', 'units': -1000}
2024-05-13 15:23:02 TradeManager:place_trades() [{'pair': 'GBP_USD', 'units': -1000}]
2024-05-13 15:23:03 TradeManager:close_trades() pairs_to_close:['GBP_USD'] 
2024-05-13 15:23:03 TradeManager:close_trades() open_trades:[{'unrealizedPL': -0.13, 'currentUnits': -1000, 'trade_id': 197, 'openTime': datetime.datetime(2024, 5, 13, 10, 22, 18, 462863, tzinfo=tzutc()), 'instrument': 'EUR_USD'}, {'unrealizedPL': -0.09, 'currentUnits': 1000, 'trade_id': 189, 'openTime': datetime.datetime(2024, 5, 13, 10, 17, 15, 835267, tzinfo=tzutc()), 'instrument': 'AUD_USD'}, {'unrealizedPL': 0.0873, 'currentUnits': -1000, 'trade_id': 177, 'openTime': datetime.datetime(2024, 5, 13, 10, 13, 16, 209458, tzinfo=tzutc()), 'instrument': 'EUR_GBP'}, {'unrealizedPL': -0.06, 'currentUnits': 1000, 'trade_id': 173, 'openTime': datetime.datetime(2024, 5, 13, 10, 12, 12, 781767, tzinfo=tzutc()), 'instrument': 'GBP_USD'}, {'unrealizedPL': -0.1483, 'currentUnits': 1000, 'trade_id': 165, 'openTime': datetime.datetime(2024, 5, 13, 10, 11, 17, 129860, tzinfo=tzutc()), 'instrument': 'GBP_JPY'}, {'unrealizedPL': -0.1551, 'currentUnits': -1000, 'trade_id': 161, 'openTime': datetime.datetime(2024, 5, 13, 10, 10, 12, 52219, tzinfo=tzutc()), 'instrument': 'EUR_CHF'}] 
2024-05-13 15:23:03 TradeManager:close_trades() ids_to_close:[173] 
2024-05-13 15:23:03 TradeManager:close_trades() Closed
2024-05-13 15:23:04 TradeManager:Opened (201, True) {'pair': 'GBP_USD', 'units': -1000}
2024-05-13 15:23:27 TradeManager:place_trades() [{'pair': 'GBP_JPY', 'units': -1000}, {'pair': 'AUD_USD', 'units': -1000}]
2024-05-13 15:23:27 TradeManager:close_trades() pairs_to_close:['GBP_JPY', 'AUD_USD'] 
2024-05-13 15:23:27 TradeManager:close_trades() open_trades:[{'unrealizedPL': -0.16, 'currentUnits': -1000, 'trade_id': 201, 'openTime': datetime.datetime(2024, 5, 13, 10, 23, 4, 416380, tzinfo=tzutc()), 'instrument': 'GBP_USD'}, {'unrealizedPL': -0.14, 'currentUnits': -1000, 'trade_id': 197, 'openTime': datetime.datetime(2024, 5, 13, 10, 22, 18, 462863, tzinfo=tzutc()), 'instrument': 'EUR_USD'}, {'unrealizedPL': -0.04, 'currentUnits': 1000, 'trade_id': 189, 'openTime': datetime.datetime(2024, 5, 13, 10, 17, 15, 835267, tzinfo=tzutc()), 'instrument': 'AUD_USD'}, {'unrealizedPL': 0.0623, 'currentUnits': -1000, 'trade_id': 177, 'openTime': datetime.datetime(2024, 5, 13, 10, 13, 16, 209458, tzinfo=tzutc()), 'instrument': 'EUR_GBP'}, {'unrealizedPL': -0.1419, 'currentUnits': 1000, 'trade_id': 165, 'openTime': datetime.datetime(2024, 5, 13, 10, 11, 17, 129860, tzinfo=tzutc()), 'instrument': 'GBP_JPY'}, {'unrealizedPL': -0.1662, 'currentUnits': -1000, 'trade_id': 161, 'openTime': datetime.datetime(2024, 5, 13, 10, 10, 12, 52219, tzinfo=tzutc()), 'instrument': 'EUR_CHF'}] 
2024-05-13 15:23:27 TradeManager:close_trades() ids_to_close:[189, 165] 
2024-05-13 15:23:28 TradeManager:close_trades() Closed
2024-05-13 15:23:28 TradeManager:close_trades() Closed
2024-05-13 15:23:30 TradeManager:Opened (207, True) {'pair': 'GBP_JPY', 'units': -1000}
2024-05-13 15:23:31 TradeManager:Opened (209, True) {'pair': 'AUD_USD', 'units': -1000}
